<?xml version="1.0" encoding="UTF-8"?>
<coverage generated="1777026824559" clover="3.2.0">
  <project timestamp="1777026824559" name="All files">
    <metrics statements="231" coveredstatements="199" conditionals="218" coveredconditionals="154" methods="114" coveredmethods="89" elements="563" coveredelements="442" complexity="0" loc="231" ncloc="231" packages="11" files="32" classes="32"/>
    <package name="components">
      <metrics statements="33" coveredstatements="29" conditionals="23" coveredconditionals="13" methods="16" coveredmethods="11"/>
      <file name="CheckMarkPopUp.tsx" path="/home/tinman/Desktop/Bachelor/cv-screening-tool/frontend/src/components/CheckMarkPopUp.tsx">
        <metrics statements="9" coveredstatements="9" conditionals="9" coveredconditionals="5" methods="5" coveredmethods="4"/>
        <line num="11" count="1" type="stmt"/>
        <line num="12" count="1" type="cond" truecount="1" falsecount="1"/>
        <line num="13" count="1" type="stmt"/>
        <line num="14" count="1" type="stmt"/>
        <line num="17" count="1" type="cond" truecount="1" falsecount="1"/>
        <line num="19" count="1" type="cond" truecount="1" falsecount="1"/>
        <line num="22" count="1" type="cond" truecount="1" falsecount="1"/>
        <line num="24" count="1" type="stmt"/>
        <line num="30" count="1" type="stmt"/>
      </file>
      <file name="ErrorBox.tsx" path="/home/tinman/Desktop/Bachelor/cv-screening-tool/frontend/src/components/ErrorBox.tsx">
        <metrics statements="1" coveredstatements="1" conditionals="0" coveredconditionals="0" methods="1" coveredmethods="1"/>
        <line num="10" count="2" type="stmt"/>
      </file>
      <file name="HeaderSection.tsx" path="/home/tinman/Desktop/Bachelor/cv-screening-tool/frontend/src/components/HeaderSection.tsx">
        <metrics statements="1" coveredstatements="1" conditionals="0" coveredconditionals="0" methods="1" coveredmethods="1"/>
        <line num="7" count="2" type="stmt"/>
      </file>
      <file name="PdfPreviewOverlay.tsx" path="/home/tinman/Desktop/Bachelor/cv-screening-tool/frontend/src/components/PdfPreviewOverlay.tsx">
        <metrics statements="19" coveredstatements="15" conditionals="14" coveredconditionals="8" methods="7" coveredmethods="3"/>
        <line num="19" count="4" type="stmt"/>
        <line num="20" count="4" type="stmt"/>
        <line num="21" count="4" type="stmt"/>
        <line num="23" count="4" type="cond" truecount="1" falsecount="1"/>
        <line num="26" count="4" type="stmt"/>
        <line num="27" count="4" type="stmt"/>
        <line num="29" count="4" type="stmt"/>
        <line num="31" count="4" type="cond" truecount="2" falsecount="0"/>
        <line num="32" count="1" type="stmt"/>
        <line num="39" count="3" type="cond" truecount="2" falsecount="0"/>
        <line num="40" count="1" type="stmt"/>
        <line num="51" count="0" type="cond" truecount="0" falsecount="2"/>
        <line num="52" count="0" type="stmt"/>
        <line num="57" count="0" type="cond" truecount="0" falsecount="2"/>
        <line num="58" count="0" type="stmt"/>
        <line num="62" count="2" type="stmt"/>
        <line num="63" count="2" type="stmt"/>
        <line num="65" count="2" type="cond" truecount="1" falsecount="1"/>
        <line num="67" count="2" type="stmt"/>
      </file>
      <file name="Searchbar.tsx" path="/home/tinman/Desktop/Bachelor/cv-screening-tool/frontend/src/components/Searchbar.tsx">
        <metrics statements="3" coveredstatements="3" conditionals="0" coveredconditionals="0" methods="2" coveredmethods="2"/>
        <line num="11" count="1" type="stmt"/>
        <line num="13" count="1" type="stmt"/>
        <line num="27" count="3" type="stmt"/>
      </file>
    </package>
    <package name="components.CVDatabase">
      <metrics statements="17" coveredstatements="12" conditionals="18" coveredconditionals="9" methods="9" coveredmethods="6"/>
      <file name="CandidateTable.tsx" path="/home/tinman/Desktop/Bachelor/cv-screening-tool/frontend/src/components/CVDatabase/CandidateTable.tsx">
        <metrics statements="17" coveredstatements="12" conditionals="18" coveredconditionals="9" methods="9" coveredmethods="6"/>
        <line num="23" count="1" type="stmt"/>
        <line num="26" count="3" type="stmt"/>
        <line num="27" count="1" type="cond" truecount="1" falsecount="1"/>
        <line num="34" count="0" type="stmt"/>
        <line num="35" count="1" type="stmt"/>
        <line num="36" count="1" type="stmt"/>
        <line num="37" count="1" type="stmt"/>
        <line num="38" count="1" type="stmt"/>
        <line num="39" count="1" type="stmt"/>
        <line num="41" count="0" type="stmt"/>
        <line num="42" count="0" type="stmt"/>
        <line num="46" count="3" type="stmt"/>
        <line num="88" count="2" type="stmt"/>
        <line num="111" count="1" type="stmt"/>
        <line num="136" count="0" type="stmt"/>
        <line num="137" count="0" type="stmt"/>
        <line num="158" count="1" type="stmt"/>
      </file>
    </package>
    <package name="components.HomePage">
      <metrics statements="5" coveredstatements="5" conditionals="5" coveredconditionals="2" methods="3" coveredmethods="3"/>
      <file name="ScanningHistoryTable.tsx" path="/home/tinman/Desktop/Bachelor/cv-screening-tool/frontend/src/components/HomePage/ScanningHistoryTable.tsx">
        <metrics statements="5" coveredstatements="5" conditionals="5" coveredconditionals="2" methods="3" coveredmethods="3"/>
        <line num="6" count="1" type="stmt"/>
        <line num="8" count="1" type="stmt"/>
        <line num="9" count="1" type="stmt"/>
        <line num="14" count="1" type="stmt"/>
        <line num="27" count="1" type="stmt"/>
      </file>
    </package>
    <package name="components.Navbar">
      <metrics statements="10" coveredstatements="8" conditionals="2" coveredconditionals="1" methods="7" coveredmethods="6"/>
      <file name="NavItem.tsx" path="/home/tinman/Desktop/Bachelor/cv-screening-tool/frontend/src/components/Navbar/NavItem.tsx">
        <metrics statements="2" coveredstatements="2" conditionals="2" coveredconditionals="1" methods="2" coveredmethods="2"/>
        <line num="11" count="4" type="stmt"/>
        <line num="16" count="4" type="stmt"/>
      </file>
      <file name="Navbar.tsx" path="/home/tinman/Desktop/Bachelor/cv-screening-tool/frontend/src/components/Navbar/Navbar.tsx">
        <metrics statements="8" coveredstatements="6" conditionals="0" coveredconditionals="0" methods="5" coveredmethods="4"/>
        <line num="7" count="1" type="stmt"/>
        <line num="14" count="1" type="stmt"/>
        <line num="23" count="3" type="stmt"/>
        <line num="36" count="1" type="stmt"/>
        <line num="49" count="1" type="stmt"/>
        <line num="52" count="0" type="stmt"/>
        <line num="53" count="0" type="stmt"/>
        <line num="56" count="1" type="stmt"/>
      </file>
    </package>
    <package name="components.ScreeningPage">
      <metrics statements="23" coveredstatements="22" conditionals="40" coveredconditionals="27" methods="18" coveredmethods="17"/>
      <file name="CandidateCard.tsx" path="/home/tinman/Desktop/Bachelor/cv-screening-tool/frontend/src/components/ScreeningPage/CandidateCard.tsx">
        <metrics statements="11" coveredstatements="10" conditionals="20" coveredconditionals="14" methods="6" coveredmethods="5"/>
        <line num="13" count="3" type="stmt"/>
        <line num="14" count="3" type="stmt"/>
        <line num="69" count="3" type="stmt"/>
        <line num="70" count="3" type="cond" truecount="2" falsecount="0"/>
        <line num="74" count="3" type="stmt"/>
        <line num="77" count="3" type="stmt"/>
        <line num="102" count="3" type="stmt"/>
        <line num="103" count="3" type="cond" truecount="1" falsecount="1"/>
        <line num="107" count="3" type="stmt"/>
        <line num="110" count="3" type="stmt"/>
        <line num="137" count="0" type="stmt"/>
      </file>
      <file name="CandidateOverview.tsx" path="/home/tinman/Desktop/Bachelor/cv-screening-tool/frontend/src/components/ScreeningPage/CandidateOverview.tsx">
        <metrics statements="5" coveredstatements="5" conditionals="8" coveredconditionals="6" methods="5" coveredmethods="5"/>
        <line num="5" count="1" type="stmt"/>
        <line num="10" count="1" type="cond" truecount="1" falsecount="1"/>
        <line num="14" count="2" type="cond" truecount="2" falsecount="0"/>
        <line num="33" count="2" type="cond" truecount="1" falsecount="1"/>
        <line num="37" count="2" type="cond" truecount="2" falsecount="0"/>
      </file>
      <file name="CandidateSidebar.tsx" path="/home/tinman/Desktop/Bachelor/cv-screening-tool/frontend/src/components/ScreeningPage/CandidateSidebar.tsx">
        <metrics statements="7" coveredstatements="7" conditionals="12" coveredconditionals="7" methods="7" coveredmethods="7"/>
        <line num="3" count="1" type="stmt"/>
        <line num="7" count="1" type="cond" truecount="1" falsecount="1"/>
        <line num="10" count="2" type="stmt"/>
        <line num="11" count="1" type="stmt"/>
        <line num="27" count="2" type="cond" truecount="1" falsecount="1"/>
        <line num="30" count="2" type="stmt"/>
        <line num="31" count="1" type="stmt"/>
      </file>
    </package>
    <package name="components.newScreening">
      <metrics statements="42" coveredstatements="33" conditionals="63" coveredconditionals="45" methods="17" coveredmethods="11"/>
      <file name="NewScreening.tsx" path="/home/tinman/Desktop/Bachelor/cv-screening-tool/frontend/src/components/newScreening/NewScreening.tsx">
        <metrics statements="1" coveredstatements="1" conditionals="4" coveredconditionals="3" methods="1" coveredmethods="1"/>
        <line num="43" count="2" type="stmt"/>
      </file>
      <file name="ProcessingStatusCard.tsx" path="/home/tinman/Desktop/Bachelor/cv-screening-tool/frontend/src/components/newScreening/ProcessingStatusCard.tsx">
        <metrics statements="1" coveredstatements="1" conditionals="2" coveredconditionals="2" methods="1" coveredmethods="1"/>
        <line num="18" count="3" type="stmt"/>
      </file>
      <file name="ScreeningProgressSteps.tsx" path="/home/tinman/Desktop/Bachelor/cv-screening-tool/frontend/src/components/newScreening/ScreeningProgressSteps.tsx">
        <metrics statements="6" coveredstatements="6" conditionals="8" coveredconditionals="8" methods="3" coveredmethods="3"/>
        <line num="12" count="1" type="stmt"/>
        <line num="13" count="1" type="stmt"/>
        <line num="25" count="9" type="cond" truecount="2" falsecount="0"/>
        <line num="29" count="9" type="stmt"/>
        <line num="46" count="6" type="cond" truecount="2" falsecount="0"/>
        <line num="54" count="3" type="stmt"/>
      </file>
      <file name="UploadJobDescriptionCard.tsx" path="/home/tinman/Desktop/Bachelor/cv-screening-tool/frontend/src/components/newScreening/UploadJobDescriptionCard.tsx">
        <metrics statements="34" coveredstatements="25" conditionals="49" coveredconditionals="32" methods="12" coveredmethods="6"/>
        <line num="41" count="6" type="stmt"/>
        <line num="54" count="6" type="stmt"/>
        <line num="55" count="2" type="stmt"/>
        <line num="64" count="6" type="stmt"/>
        <line num="65" count="6" type="stmt"/>
        <line num="66" count="6" type="cond" truecount="1" falsecount="1"/>
        <line num="68" count="6" type="cond" truecount="1" falsecount="2"/>
        <line num="72" count="6" type="stmt"/>
        <line num="73" count="6" type="stmt"/>
        <line num="74" count="6" type="stmt"/>
        <line num="75" count="6" type="stmt"/>
        <line num="76" count="6" type="stmt"/>
        <line num="77" count="6" type="stmt"/>
        <line num="79" count="6" type="stmt"/>
        <line num="80" count="0" type="stmt"/>
        <line num="87" count="6" type="stmt"/>
        <line num="88" count="1" type="cond" truecount="1" falsecount="1"/>
        <line num="90" count="1" type="stmt"/>
        <line num="96" count="1" type="cond" truecount="1" falsecount="1"/>
        <line num="97" count="0" type="stmt"/>
        <line num="103" count="1" type="stmt"/>
        <line num="110" count="1" type="stmt"/>
        <line num="114" count="6" type="cond" truecount="2" falsecount="0"/>
        <line num="118" count="6" type="stmt"/>
        <line num="142" count="0" type="stmt"/>
        <line num="155" count="1" type="stmt"/>
        <line num="167" count="0" type="stmt"/>
        <line num="175" count="4" type="stmt"/>
        <line num="192" count="0" type="stmt"/>
        <line num="193" count="0" type="stmt"/>
        <line num="194" count="0" type="stmt"/>
        <line num="214" count="0" type="stmt"/>
        <line num="225" count="0" type="stmt"/>
        <line num="255" count="2" type="stmt"/>
      </file>
    </package>
    <package name="components.ui">
      <metrics statements="53" coveredstatements="43" conditionals="33" coveredconditionals="27" methods="32" coveredmethods="23"/>
      <file name="alert.tsx" path="/home/tinman/Desktop/Bachelor/cv-screening-tool/frontend/src/components/ui/alert.tsx">
        <metrics statements="4" coveredstatements="4" conditionals="0" coveredconditionals="0" methods="3" coveredmethods="3"/>
        <line num="6" count="6" type="stmt"/>
        <line num="27" count="2" type="stmt"/>
        <line num="38" count="2" type="stmt"/>
        <line num="54" count="2" type="stmt"/>
      </file>
      <file name="badge.tsx" path="/home/tinman/Desktop/Bachelor/cv-screening-tool/frontend/src/components/ui/badge.tsx">
        <metrics statements="3" coveredstatements="3" conditionals="4" coveredconditionals="3" methods="1" coveredmethods="1"/>
        <line num="7" count="2" type="stmt"/>
        <line num="36" count="1" type="cond" truecount="1" falsecount="1"/>
        <line num="38" count="1" type="stmt"/>
      </file>
      <file name="button.tsx" path="/home/tinman/Desktop/Bachelor/cv-screening-tool/frontend/src/components/ui/button.tsx">
        <metrics statements="3" coveredstatements="3" conditionals="5" coveredconditionals="5" methods="1" coveredmethods="1"/>
        <line num="7" count="8" type="stmt"/>
        <line num="51" count="38" type="cond" truecount="2" falsecount="0"/>
        <line num="53" count="38" type="stmt"/>
      </file>
      <file name="card.tsx" path="/home/tinman/Desktop/Bachelor/cv-screening-tool/frontend/src/components/ui/card.tsx">
        <metrics statements="7" coveredstatements="5" conditionals="0" coveredconditionals="0" methods="7" coveredmethods="5"/>
        <line num="6" count="10" type="stmt"/>
        <line num="19" count="6" type="stmt"/>
        <line num="32" count="7" type="stmt"/>
        <line num="42" count="6" type="stmt"/>
        <line num="52" count="0" type="stmt"/>
        <line num="65" count="9" type="stmt"/>
        <line num="75" count="0" type="stmt"/>
      </file>
      <file name="field.tsx" path="/home/tinman/Desktop/Bachelor/cv-screening-tool/frontend/src/components/ui/field.tsx">
        <metrics statements="24" coveredstatements="17" conditionals="14" coveredconditionals="11" methods="13" coveredmethods="6"/>
        <line num="9" count="0" type="stmt"/>
        <line num="27" count="0" type="stmt"/>
        <line num="43" count="0" type="stmt"/>
        <line num="55" count="2" type="stmt"/>
        <line num="84" count="6" type="stmt"/>
        <line num="96" count="0" type="stmt"/>
        <line num="112" count="0" type="stmt"/>
        <line num="127" count="0" type="stmt"/>
        <line num="140" count="6" type="stmt"/>
        <line num="161" count="0" type="stmt"/>
        <line num="192" count="4" type="stmt"/>
        <line num="193" count="4" type="cond" truecount="2" falsecount="0"/>
        <line num="194" count="1" type="stmt"/>
        <line num="197" count="3" type="cond" truecount="2" falsecount="0"/>
        <line num="198" count="1" type="stmt"/>
        <line num="201" count="2" type="stmt"/>
        <line num="202" count="4" type="stmt"/>
        <line num="205" count="2" type="cond" truecount="2" falsecount="0"/>
        <line num="206" count="1" type="stmt"/>
        <line num="209" count="1" type="stmt"/>
        <line num="213" count="2" type="cond" truecount="2" falsecount="0"/>
        <line num="219" count="4" type="cond" truecount="2" falsecount="0"/>
        <line num="220" count="1" type="stmt"/>
        <line num="223" count="3" type="stmt"/>
      </file>
      <file name="input.tsx" path="/home/tinman/Desktop/Bachelor/cv-screening-tool/frontend/src/components/ui/input.tsx">
        <metrics statements="1" coveredstatements="1" conditionals="0" coveredconditionals="0" methods="1" coveredmethods="1"/>
        <line num="6" count="9" type="stmt"/>
      </file>
      <file name="label.tsx" path="/home/tinman/Desktop/Bachelor/cv-screening-tool/frontend/src/components/ui/label.tsx">
        <metrics statements="1" coveredstatements="1" conditionals="0" coveredconditionals="0" methods="1" coveredmethods="1"/>
        <line num="10" count="6" type="stmt"/>
      </file>
      <file name="progress.tsx" path="/home/tinman/Desktop/Bachelor/cv-screening-tool/frontend/src/components/ui/progress.tsx">
        <metrics statements="7" coveredstatements="6" conditionals="8" coveredconditionals="6" methods="2" coveredmethods="2"/>
        <line num="6" count="6" type="cond" truecount="2" falsecount="0"/>
        <line num="7" count="1" type="cond" truecount="1" falsecount="1"/>
        <line num="8" count="0" type="stmt"/>
        <line num="16" count="9" type="cond" truecount="2" falsecount="0"/>
        <line num="17" count="3" type="stmt"/>
        <line num="20" count="6" type="stmt"/>
        <line num="22" count="6" type="stmt"/>
      </file>
      <file name="separator.tsx" path="/home/tinman/Desktop/Bachelor/cv-screening-tool/frontend/src/components/ui/separator.tsx">
        <metrics statements="1" coveredstatements="1" conditionals="2" coveredconditionals="2" methods="1" coveredmethods="1"/>
        <line num="12" count="1" type="stmt"/>
      </file>
      <file name="spinner.tsx" path="/home/tinman/Desktop/Bachelor/cv-screening-tool/frontend/src/components/ui/spinner.tsx">
        <metrics statements="1" coveredstatements="1" conditionals="0" coveredconditionals="0" methods="1" coveredmethods="1"/>
        <line num="6" count="1" type="stmt"/>
      </file>
      <file name="textarea.tsx" path="/home/tinman/Desktop/Bachelor/cv-screening-tool/frontend/src/components/ui/textarea.tsx">
        <metrics statements="1" coveredstatements="1" conditionals="0" coveredconditionals="0" methods="1" coveredmethods="1"/>
        <line num="6" count="3" type="stmt"/>
      </file>
    </package>
    <package name="lib">
      <metrics statements="1" coveredstatements="1" conditionals="0" coveredconditionals="0" methods="1" coveredmethods="1"/>
      <file name="utils.ts" path="/home/tinman/Desktop/Bachelor/cv-screening-tool/frontend/src/lib/utils.ts">
        <metrics statements="1" coveredstatements="1" conditionals="0" coveredconditionals="0" methods="1" coveredmethods="1"/>
        <line num="5" count="130" type="stmt"/>
      </file>
    </package>
    <package name="pages">
      <metrics statements="6" coveredstatements="6" conditionals="0" coveredconditionals="0" methods="2" coveredmethods="2"/>
      <file name="LoginPage.tsx" path="/home/tinman/Desktop/Bachelor/cv-screening-tool/frontend/src/pages/LoginPage.tsx">
        <metrics statements="6" coveredstatements="6" conditionals="0" coveredconditionals="0" methods="2" coveredmethods="2"/>
        <line num="5" count="2" type="stmt"/>
        <line num="8" count="2" type="stmt"/>
        <line num="11" count="1" type="stmt"/>
        <line num="12" count="1" type="stmt"/>
        <line num="13" count="1" type="stmt"/>
        <line num="16" count="2" type="stmt"/>
      </file>
    </package>
    <package name="utils">
      <metrics statements="9" coveredstatements="9" conditionals="4" coveredconditionals="4" methods="2" coveredmethods="2"/>
      <file name="newScreeningUtils.ts" path="/home/tinman/Desktop/Bachelor/cv-screening-tool/frontend/src/utils/newScreeningUtils.ts">
        <metrics statements="9" coveredstatements="9" conditionals="4" coveredconditionals="4" methods="2" coveredmethods="2"/>
        <line num="2" count="3" type="cond" truecount="2" falsecount="0"/>
        <line num="4" count="2" type="stmt"/>
        <line num="5" count="2" type="stmt"/>
        <line num="6" count="2" type="stmt"/>
        <line num="8" count="2" type="cond" truecount="2" falsecount="0"/>
        <line num="9" count="1" type="stmt"/>
        <line num="10" count="1" type="stmt"/>
        <line num="13" count="2" type="stmt"/>
        <line num="17" count="1" type="stmt"/>
      </file>
    </package>
    <package name="validations">
      <metrics statements="32" coveredstatements="31" conditionals="30" coveredconditionals="26" methods="7" coveredmethods="7"/>
      <file name="AddNewCvSchema.ts" path="/home/tinman/Desktop/Bachelor/cv-screening-tool/frontend/src/validations/AddNewCvSchema.ts">
        <metrics statements="7" coveredstatements="7" conditionals="8" coveredconditionals="8" methods="4" coveredmethods="4"/>
        <line num="3" count="1" type="stmt"/>
        <line num="4" count="1" type="stmt"/>
        <line num="7" count="5" type="stmt"/>
        <line num="13" count="1" type="stmt"/>
        <line num="23" count="3" type="cond" truecount="2" falsecount="0"/>
        <line num="26" count="3" type="cond" truecount="2" falsecount="0"/>
        <line num="29" count="3" type="cond" truecount="2" falsecount="0"/>
      </file>
      <file name="UploadJobDescriptionSchema.ts" path="/home/tinman/Desktop/Bachelor/cv-screening-tool/frontend/src/validations/UploadJobDescriptionSchema.ts">
        <metrics statements="25" coveredstatements="24" conditionals="22" coveredconditionals="18" methods="3" coveredmethods="3"/>
        <line num="3" count="2" type="stmt"/>
        <line num="4" count="2" type="stmt"/>
        <line num="5" count="2" type="stmt"/>
        <line num="11" count="2" type="stmt"/>
        <line num="15" count="3" type="cond" truecount="2" falsecount="0"/>
        <line num="22" count="6" type="cond" truecount="2" falsecount="0"/>
        <line num="23" count="4" type="cond" truecount="2" falsecount="0"/>
        <line num="24" count="1" type="stmt"/>
        <line num="29" count="1" type="stmt"/>
        <line num="32" count="3" type="cond" truecount="2" falsecount="0"/>
        <line num="33" count="1" type="stmt"/>
        <line num="40" count="3" type="cond" truecount="2" falsecount="0"/>
        <line num="41" count="1" type="stmt"/>
        <line num="48" count="3" type="stmt"/>
        <line num="51" count="2" type="cond" truecount="1" falsecount="1"/>
        <line num="53" count="6" type="cond" truecount="2" falsecount="0"/>
        <line num="54" count="1" type="stmt"/>
        <line num="59" count="1" type="stmt"/>
        <line num="62" count="1" type="cond" truecount="1" falsecount="1"/>
        <line num="63" count="1" type="stmt"/>
        <line num="70" count="1" type="cond" truecount="1" falsecount="1"/>
        <line num="71" count="0" type="stmt"/>
        <line num="82" count="2" type="cond" truecount="2" falsecount="0"/>
        <line num="83" count="1" type="stmt"/>
        <line num="89" count="1" type="stmt"/>
      </file>
    </package>
  </project>
</coverage>
