{"/home/tinman/Desktop/Bachelor/cv-screening-tool/frontend/src/components/CheckMarkPopUp.tsx": {"path":"/home/tinman/Desktop/Bachelor/cv-screening-tool/frontend/src/components/CheckMarkPopUp.tsx","statementMap":{"0":{"start":{"line":11,"column":2},"end":{"line":15,"column":null}},"1":{"start":{"line":12,"column":4},"end":{"line":12,"column":null}},"2":{"start":{"line":12,"column":16},"end":{"line":12,"column":null}},"3":{"start":{"line":13,"column":18},"end":{"line":13,"column":null}},"4":{"start":{"line":13,"column":35},"end":{"line":13,"column":51}},"5":{"start":{"line":14,"column":4},"end":{"line":14,"column":null}},"6":{"start":{"line":14,"column":17},"end":{"line":14,"column":null}},"7":{"start":{"line":17,"column":2},"end":{"line":17,"column":null}},"8":{"start":{"line":17,"column":14},"end":{"line":17,"column":null}},"9":{"start":{"line":19,"column":18},"end":{"line":21,"column":null}},"10":{"start":{"line":22,"column":20},"end":{"line":22,"column":null}},"11":{"start":{"line":24,"column":2},"end":{"line":36,"column":null}},"12":{"start":{"line":30,"column":25},"end":{"line":30,"column":null}}},"fnMap":{"0":{"name":"CheckMarkPopUp","decl":{"start":{"line":10,"column":9},"end":{"line":10,"column":24}},"loc":{"start":{"line":10,"column":83},"end":{"line":38,"column":null}},"line":10},"1":{"name":"(anonymous_1)","decl":{"start":{"line":11,"column":12},"end":{"line":11,"column":18}},"loc":{"start":{"line":11,"column":18},"end":{"line":15,"column":5}},"line":11},"2":{"name":"(anonymous_2)","decl":{"start":{"line":13,"column":29},"end":{"line":13,"column":35}},"loc":{"start":{"line":13,"column":35},"end":{"line":13,"column":51}},"line":13},"3":{"name":"(anonymous_3)","decl":{"start":{"line":14,"column":11},"end":{"line":14,"column":17}},"loc":{"start":{"line":14,"column":17},"end":{"line":14,"column":null}},"line":14},"4":{"name":"(anonymous_4)","decl":{"start":{"line":30,"column":19},"end":{"line":30,"column":25}},"loc":{"start":{"line":30,"column":25},"end":{"line":30,"column":null}},"line":30}},"branchMap":{"0":{"loc":{"start":{"line":10,"column":43},"end":{"line":10,"column":59}},"type":"default-arg","locations":[{"start":{"line":10,"column":54},"end":{"line":10,"column":59}}],"line":10},"1":{"loc":{"start":{"line":12,"column":4},"end":{"line":12,"column":null}},"type":"if","locations":[{"start":{"line":12,"column":4},"end":{"line":12,"column":null}},{"start":{},"end":{}}],"line":12},"2":{"loc":{"start":{"line":17,"column":2},"end":{"line":17,"column":null}},"type":"if","locations":[{"start":{"line":17,"column":2},"end":{"line":17,"column":null}},{"start":{},"end":{}}],"line":17},"3":{"loc":{"start":{"line":19,"column":18},"end":{"line":21,"column":null}},"type":"cond-expr","locations":[{"start":{"line":20,"column":6},"end":{"line":20,"column":null}},{"start":{"line":21,"column":6},"end":{"line":21,"column":null}}],"line":19},"4":{"loc":{"start":{"line":22,"column":20},"end":{"line":22,"column":null}},"type":"cond-expr","locations":[{"start":{"line":22,"column":47},"end":{"line":22,"column":66}},{"start":{"line":22,"column":66},"end":{"line":22,"column":null}}],"line":22}},"s":{"0":1,"1":1,"2":0,"3":1,"4":0,"5":1,"6":1,"7":1,"8":0,"9":1,"10":1,"11":1,"12":1},"f":{"0":1,"1":1,"2":0,"3":1,"4":1},"b":{"0":[1],"1":[0,1],"2":[0,1],"3":[1,0],"4":[1,0]},"meta":{"lastBranch":5,"lastFunction":5,"lastStatement":13,"seen":{"f:10:9:10:24":0,"b:10:54:10:59":0,"s:11:2:15:Infinity":0,"f:11:12:11:18":1,"b:12:4:12:Infinity:undefined:undefined:undefined:undefined":1,"s:12:4:12:Infinity":1,"s:12:16:12:Infinity":2,"s:13:18:13:Infinity":3,"f:13:29:13:35":2,"s:13:35:13:51":4,"s:14:4:14:Infinity":5,"f:14:11:14:17":3,"s:14:17:14:Infinity":6,"b:17:2:17:Infinity:undefined:undefined:undefined:undefined":2,"s:17:2:17:Infinity":7,"s:17:14:17:Infinity":8,"s:19:18:21:Infinity":9,"b:20:6:20:Infinity:21:6:21:Infinity":3,"s:22:20:22:Infinity":10,"b:22:47:22:66:22:66:22:Infinity":4,"s:24:2:36:Infinity":11,"f:30:19:30:25":4,"s:30:25:30:Infinity":12}}}
,"/home/tinman/Desktop/Bachelor/cv-screening-tool/frontend/src/components/ErrorBox.tsx": {"path":"/home/tinman/Desktop/Bachelor/cv-screening-tool/frontend/src/components/ErrorBox.tsx","statementMap":{"0":{"start":{"line":10,"column":2},"end":{"line":15,"column":null}}},"fnMap":{"0":{"name":"ErrorBox","decl":{"start":{"line":9,"column":9},"end":{"line":9,"column":18}},"loc":{"start":{"line":9,"column":50},"end":{"line":17,"column":null}},"line":9}},"branchMap":{},"s":{"0":2},"f":{"0":2},"b":{},"meta":{"lastBranch":0,"lastFunction":1,"lastStatement":1,"seen":{"f:9:9:9:18":0,"s:10:2:15:Infinity":0}}}
,"/home/tinman/Desktop/Bachelor/cv-screening-tool/frontend/src/components/HeaderSection.tsx": {"path":"/home/tinman/Desktop/Bachelor/cv-screening-tool/frontend/src/components/HeaderSection.tsx","statementMap":{"0":{"start":{"line":7,"column":2},"end":{"line":15,"column":null}}},"fnMap":{"0":{"name":"HeaderSection","decl":{"start":{"line":6,"column":9},"end":{"line":6,"column":23}},"loc":{"start":{"line":6,"column":58},"end":{"line":17,"column":null}},"line":6}},"branchMap":{},"s":{"0":2},"f":{"0":2},"b":{},"meta":{"lastBranch":0,"lastFunction":1,"lastStatement":1,"seen":{"f:6:9:6:23":0,"s:7:2:15:Infinity":0}}}
,"/home/tinman/Desktop/Bachelor/cv-screening-tool/frontend/src/components/PdfPreviewOverlay.tsx": {"path":"/home/tinman/Desktop/Bachelor/cv-screening-tool/frontend/src/components/PdfPreviewOverlay.tsx","statementMap":{"0":{"start":{"line":19,"column":8},"end":{"line":24,"column":null}},"1":{"start":{"line":20,"column":18},"end":{"line":22,"column":null}},"2":{"start":{"line":21,"column":21},"end":{"line":21,"column":null}},"3":{"start":{"line":23,"column":4},"end":{"line":23,"column":null}},"4":{"start":{"line":26,"column":40},"end":{"line":26,"column":null}},"5":{"start":{"line":27,"column":28},"end":{"line":27,"column":null}},"6":{"start":{"line":29,"column":42},"end":{"line":29,"column":null}},"7":{"start":{"line":31,"column":2},"end":{"line":37,"column":null}},"8":{"start":{"line":32,"column":4},"end":{"line":35,"column":null}},"9":{"start":{"line":39,"column":2},"end":{"line":48,"column":null}},"10":{"start":{"line":40,"column":4},"end":{"line":46,"column":null}},"11":{"start":{"line":51,"column":4},"end":{"line":53,"column":null}},"12":{"start":{"line":52,"column":6},"end":{"line":52,"column":null}},"13":{"start":{"line":52,"column":33},"end":{"line":52,"column":41}},"14":{"start":{"line":57,"column":4},"end":{"line":59,"column":null}},"15":{"start":{"line":58,"column":6},"end":{"line":58,"column":null}},"16":{"start":{"line":58,"column":33},"end":{"line":58,"column":41}},"17":{"start":{"line":62,"column":22},"end":{"line":62,"column":null}},"18":{"start":{"line":63,"column":18},"end":{"line":63,"column":null}},"19":{"start":{"line":65,"column":2},"end":{"line":65,"column":null}},"20":{"start":{"line":65,"column":26},"end":{"line":65,"column":null}},"21":{"start":{"line":67,"column":2},"end":{"line":125,"column":null}}},"fnMap":{"0":{"name":"PdfPreviewOverlay","decl":{"start":{"line":14,"column":9},"end":{"line":14,"column":27}},"loc":{"start":{"line":18,"column":27},"end":{"line":127,"column":null}},"line":18},"1":{"name":"(anonymous_1)","decl":{"start":{"line":19,"column":31},"end":{"line":19,"column":37}},"loc":{"start":{"line":19,"column":37},"end":{"line":24,"column":5}},"line":19},"2":{"name":"(anonymous_2)","decl":{"start":{"line":21,"column":6},"end":{"line":21,"column":7}},"loc":{"start":{"line":21,"column":21},"end":{"line":21,"column":null}},"line":21},"3":{"name":"nextPdfPreview","decl":{"start":{"line":50,"column":11},"end":{"line":50,"column":28}},"loc":{"start":{"line":50,"column":28},"end":{"line":54,"column":null}},"line":50},"4":{"name":"(anonymous_4)","decl":{"start":{"line":52,"column":23},"end":{"line":52,"column":24}},"loc":{"start":{"line":52,"column":33},"end":{"line":52,"column":41}},"line":52},"5":{"name":"prevPdfPreview","decl":{"start":{"line":56,"column":11},"end":{"line":56,"column":28}},"loc":{"start":{"line":56,"column":28},"end":{"line":60,"column":null}},"line":56},"6":{"name":"(anonymous_6)","decl":{"start":{"line":58,"column":23},"end":{"line":58,"column":24}},"loc":{"start":{"line":58,"column":33},"end":{"line":58,"column":41}},"line":58}},"branchMap":{"0":{"loc":{"start":{"line":23,"column":11},"end":{"line":23,"column":null}},"type":"cond-expr","locations":[{"start":{"line":23,"column":24},"end":{"line":23,"column":32}},{"start":{"line":23,"column":32},"end":{"line":23,"column":null}}],"line":23},"1":{"loc":{"start":{"line":31,"column":2},"end":{"line":37,"column":null}},"type":"if","locations":[{"start":{"line":31,"column":2},"end":{"line":37,"column":null}},{"start":{},"end":{}}],"line":31},"2":{"loc":{"start":{"line":39,"column":2},"end":{"line":48,"column":null}},"type":"if","locations":[{"start":{"line":39,"column":2},"end":{"line":48,"column":null}},{"start":{},"end":{}}],"line":39},"3":{"loc":{"start":{"line":51,"column":4},"end":{"line":53,"column":null}},"type":"if","locations":[{"start":{"line":51,"column":4},"end":{"line":53,"column":null}},{"start":{},"end":{}}],"line":51},"4":{"loc":{"start":{"line":57,"column":4},"end":{"line":59,"column":null}},"type":"if","locations":[{"start":{"line":57,"column":4},"end":{"line":59,"column":null}},{"start":{},"end":{}}],"line":57},"5":{"loc":{"start":{"line":65,"column":2},"end":{"line":65,"column":null}},"type":"if","locations":[{"start":{"line":65,"column":2},"end":{"line":65,"column":null}},{"start":{},"end":{}}],"line":65},"6":{"loc":{"start":{"line":84,"column":11},"end":{"line":95,"column":null}},"type":"cond-expr","locations":[{"start":{"line":85,"column":12},"end":{"line":89,"column":null}},{"start":{"line":91,"column":12},"end":{"line":95,"column":null}}],"line":84}},"s":{"0":4,"1":4,"2":4,"3":4,"4":4,"5":4,"6":4,"7":4,"8":1,"9":3,"10":1,"11":0,"12":0,"13":0,"14":0,"15":0,"16":0,"17":2,"18":2,"19":2,"20":0,"21":2},"f":{"0":4,"1":4,"2":4,"3":0,"4":0,"5":0,"6":0},"b":{"0":[4,0],"1":[1,3],"2":[1,2],"3":[0,0],"4":[0,0],"5":[0,2],"6":[1,1]},"meta":{"lastBranch":7,"lastFunction":7,"lastStatement":22,"seen":{"f:14:9:14:27":0,"s:19:8:24:Infinity":0,"f:19:31:19:37":1,"s:20:18:22:Infinity":1,"f:21:6:21:7":2,"s:21:21:21:Infinity":2,"s:23:4:23:Infinity":3,"b:23:24:23:32:23:32:23:Infinity":0,"s:26:40:26:Infinity":4,"s:27:28:27:Infinity":5,"s:29:42:29:Infinity":6,"b:31:2:37:Infinity:undefined:undefined:undefined:undefined":1,"s:31:2:37:Infinity":7,"s:32:4:35:Infinity":8,"b:39:2:48:Infinity:undefined:undefined:undefined:undefined":2,"s:39:2:48:Infinity":9,"s:40:4:46:Infinity":10,"f:50:11:50:28":3,"b:51:4:53:Infinity:undefined:undefined:undefined:undefined":3,"s:51:4:53:Infinity":11,"s:52:6:52:Infinity":12,"f:52:23:52:24":4,"s:52:33:52:41":13,"f:56:11:56:28":5,"b:57:4:59:Infinity:undefined:undefined:undefined:undefined":4,"s:57:4:59:Infinity":14,"s:58:6:58:Infinity":15,"f:58:23:58:24":6,"s:58:33:58:41":16,"s:62:22:62:Infinity":17,"s:63:18:63:Infinity":18,"b:65:2:65:Infinity:undefined:undefined:undefined:undefined":5,"s:65:2:65:Infinity":19,"s:65:26:65:Infinity":20,"s:67:2:125:Infinity":21,"b:85:12:89:Infinity:91:12:95:Infinity":6}}}
,"/home/tinman/Desktop/Bachelor/cv-screening-tool/frontend/src/components/Searchbar.tsx": {"path":"/home/tinman/Desktop/Bachelor/cv-screening-tool/frontend/src/components/Searchbar.tsx","statementMap":{"0":{"start":{"line":11,"column":8},"end":{"line":11,"column":null}},"1":{"start":{"line":13,"column":2},"end":{"line":30,"column":null}},"2":{"start":{"line":27,"column":25},"end":{"line":27,"column":null}}},"fnMap":{"0":{"name":"Searchbar","decl":{"start":{"line":10,"column":9},"end":{"line":10,"column":19}},"loc":{"start":{"line":10,"column":88},"end":{"line":32,"column":1}},"line":10},"1":{"name":"(anonymous_1)","decl":{"start":{"line":27,"column":18},"end":{"line":27,"column":19}},"loc":{"start":{"line":27,"column":25},"end":{"line":27,"column":null}},"line":27}},"branchMap":{},"s":{"0":1,"1":1,"2":3},"f":{"0":1,"1":3},"b":{},"meta":{"lastBranch":0,"lastFunction":2,"lastStatement":3,"seen":{"f:10:9:10:19":0,"s:11:8:11:Infinity":0,"s:13:2:30:Infinity":1,"f:27:18:27:19":1,"s:27:25:27:Infinity":2}}}
,"/home/tinman/Desktop/Bachelor/cv-screening-tool/frontend/src/components/CVDatabase/CandidateTable.tsx": {"path":"/home/tinman/Desktop/Bachelor/cv-screening-tool/frontend/src/components/CVDatabase/CandidateTable.tsx","statementMap":{"0":{"start":{"line":23,"column":4},"end":{"line":23,"column":null}},"1":{"start":{"line":26,"column":23},"end":{"line":44,"column":null}},"2":{"start":{"line":27,"column":4},"end":{"line":34,"column":null}},"3":{"start":{"line":34,"column":6},"end":{"line":34,"column":null}},"4":{"start":{"line":35,"column":4},"end":{"line":43,"column":null}},"5":{"start":{"line":36,"column":6},"end":{"line":36,"column":null}},"6":{"start":{"line":37,"column":6},"end":{"line":37,"column":null}},"7":{"start":{"line":37,"column":29},"end":{"line":37,"column":37}},"8":{"start":{"line":38,"column":6},"end":{"line":38,"column":null}},"9":{"start":{"line":39,"column":6},"end":{"line":39,"column":null}},"10":{"start":{"line":41,"column":6},"end":{"line":41,"column":null}},"11":{"start":{"line":42,"column":6},"end":{"line":42,"column":null}},"12":{"start":{"line":46,"column":2},"end":{"line":185,"column":null}},"13":{"start":{"line":88,"column":16},"end":{"line":173,"column":null}},"14":{"start":{"line":111,"column":39},"end":{"line":111,"column":null}},"15":{"start":{"line":136,"column":24},"end":{"line":136,"column":null}},"16":{"start":{"line":136,"column":47},"end":{"line":136,"column":55}},"17":{"start":{"line":137,"column":24},"end":{"line":137,"column":null}},"18":{"start":{"line":158,"column":24},"end":{"line":161,"column":null}}},"fnMap":{"0":{"name":"CandidateTable","decl":{"start":{"line":15,"column":9},"end":{"line":15,"column":24}},"loc":{"start":{"line":21,"column":24},"end":{"line":187,"column":null}},"line":21},"1":{"name":"showPreview","decl":{"start":{"line":22,"column":11},"end":{"line":22,"column":23}},"loc":{"start":{"line":22,"column":35},"end":{"line":24,"column":null}},"line":22},"2":{"name":"(anonymous_2)","decl":{"start":{"line":26,"column":23},"end":{"line":26,"column":30}},"loc":{"start":{"line":26,"column":59},"end":{"line":44,"column":null}},"line":26},"3":{"name":"(anonymous_3)","decl":{"start":{"line":37,"column":19},"end":{"line":37,"column":20}},"loc":{"start":{"line":37,"column":29},"end":{"line":37,"column":37}},"line":37},"4":{"name":"(anonymous_4)","decl":{"start":{"line":87,"column":32},"end":{"line":87,"column":33}},"loc":{"start":{"line":88,"column":16},"end":{"line":173,"column":null}},"line":88},"5":{"name":"(anonymous_5)","decl":{"start":{"line":111,"column":33},"end":{"line":111,"column":39}},"loc":{"start":{"line":111,"column":39},"end":{"line":111,"column":null}},"line":111},"6":{"name":"(anonymous_6)","decl":{"start":{"line":135,"column":33},"end":{"line":135,"column":39}},"loc":{"start":{"line":135,"column":39},"end":{"line":138,"column":null}},"line":135},"7":{"name":"(anonymous_7)","decl":{"start":{"line":136,"column":37},"end":{"line":136,"column":38}},"loc":{"start":{"line":136,"column":47},"end":{"line":136,"column":55}},"line":136},"8":{"name":"(anonymous_8)","decl":{"start":{"line":157,"column":31},"end":{"line":157,"column":null}},"loc":{"start":{"line":158,"column":24},"end":{"line":161,"column":null}},"line":158}},"branchMap":{"0":{"loc":{"start":{"line":27,"column":4},"end":{"line":34,"column":null}},"type":"if","locations":[{"start":{"line":27,"column":4},"end":{"line":34,"column":null}},{"start":{},"end":{}}],"line":27},"1":{"loc":{"start":{"line":97,"column":23},"end":{"line":97,"column":null}},"type":"binary-expr","locations":[{"start":{"line":97,"column":23},"end":{"line":97,"column":41}},{"start":{"line":97,"column":41},"end":{"line":97,"column":null}}],"line":97},"2":{"loc":{"start":{"line":107,"column":19},"end":{"line":122,"column":null}},"type":"cond-expr","locations":[{"start":{"line":108,"column":20},"end":{"line":120,"column":null}},{"start":{"line":122,"column":20},"end":{"line":122,"column":null}}],"line":107},"3":{"loc":{"start":{"line":113,"column":59},"end":{"line":113,"column":103}},"type":"binary-expr","locations":[{"start":{"line":113,"column":59},"end":{"line":113,"column":77}},{"start":{"line":113,"column":77},"end":{"line":113,"column":103}}],"line":113},"4":{"loc":{"start":{"line":129,"column":30},"end":{"line":129,"column":null}},"type":"binary-expr","locations":[{"start":{"line":129,"column":30},"end":{"line":129,"column":48}},{"start":{"line":129,"column":48},"end":{"line":129,"column":null}}],"line":129},"5":{"loc":{"start":{"line":130,"column":31},"end":{"line":130,"column":null}},"type":"binary-expr","locations":[{"start":{"line":130,"column":31},"end":{"line":130,"column":50}},{"start":{"line":130,"column":50},"end":{"line":130,"column":null}}],"line":130},"6":{"loc":{"start":{"line":145,"column":58},"end":{"line":145,"column":88}},"type":"binary-expr","locations":[{"start":{"line":145,"column":58},"end":{"line":145,"column":76}},{"start":{"line":145,"column":76},"end":{"line":145,"column":88}}],"line":145},"7":{"loc":{"start":{"line":160,"column":26},"end":{"line":160,"column":null}},"type":"binary-expr","locations":[{"start":{"line":160,"column":26},"end":{"line":160,"column":44}},{"start":{"line":160,"column":44},"end":{"line":160,"column":null}}],"line":160},"8":{"loc":{"start":{"line":165,"column":52},"end":{"line":165,"column":82}},"type":"binary-expr","locations":[{"start":{"line":165,"column":52},"end":{"line":165,"column":70}},{"start":{"line":165,"column":70},"end":{"line":165,"column":82}}],"line":165}},"s":{"0":1,"1":3,"2":1,"3":0,"4":1,"5":1,"6":1,"7":0,"8":1,"9":1,"10":0,"11":0,"12":3,"13":2,"14":1,"15":0,"16":0,"17":0,"18":1},"f":{"0":3,"1":1,"2":1,"3":0,"4":2,"5":1,"6":0,"7":0,"8":1},"b":{"0":[0,1],"1":[2,0],"2":[2,0],"3":[2,0],"4":[2,0],"5":[2,0],"6":[2,0],"7":[1,0],"8":[2,0]},"meta":{"lastBranch":9,"lastFunction":9,"lastStatement":19,"seen":{"f:15:9:15:24":0,"f:22:11:22:23":1,"s:23:4:23:Infinity":0,"s:26:23:44:Infinity":1,"f:26:23:26:30":2,"b:27:4:34:Infinity:undefined:undefined:undefined:undefined":0,"s:27:4:34:Infinity":2,"s:34:6:34:Infinity":3,"s:35:4:43:Infinity":4,"s:36:6:36:Infinity":5,"s:37:6:37:Infinity":6,"f:37:19:37:20":3,"s:37:29:37:37":7,"s:38:6:38:Infinity":8,"s:39:6:39:Infinity":9,"s:41:6:41:Infinity":10,"s:42:6:42:Infinity":11,"s:46:2:185:Infinity":12,"f:87:32:87:33":4,"s:88:16:173:Infinity":13,"b:97:23:97:41:97:41:97:Infinity":1,"b:108:20:120:Infinity:122:20:122:Infinity":2,"f:111:33:111:39":5,"s:111:39:111:Infinity":14,"b:113:59:113:77:113:77:113:103":3,"b:129:30:129:48:129:48:129:Infinity":4,"b:130:31:130:50:130:50:130:Infinity":5,"f:135:33:135:39":6,"s:136:24:136:Infinity":15,"f:136:37:136:38":7,"s:136:47:136:55":16,"s:137:24:137:Infinity":17,"b:145:58:145:76:145:76:145:88":6,"f:157:31:157:Infinity":8,"s:158:24:161:Infinity":18,"b:160:26:160:44:160:44:160:Infinity":7,"b:165:52:165:70:165:70:165:82":8}}}
,"/home/tinman/Desktop/Bachelor/cv-screening-tool/frontend/src/components/HomePage/ScanningHistoryTable.tsx": {"path":"/home/tinman/Desktop/Bachelor/cv-screening-tool/frontend/src/components/HomePage/ScanningHistoryTable.tsx","statementMap":{"0":{"start":{"line":6,"column":44},"end":{"line":6,"column":null}},"1":{"start":{"line":8,"column":21},"end":{"line":13,"column":null}},"2":{"start":{"line":9,"column":4},"end":{"line":13,"column":null}},"3":{"start":{"line":14,"column":2},"end":{"line":69,"column":null}},"4":{"start":{"line":27,"column":12},"end":{"line":46,"column":null}}},"fnMap":{"0":{"name":"ScanningHistoryTable","decl":{"start":{"line":5,"column":9},"end":{"line":5,"column":32}},"loc":{"start":{"line":5,"column":32},"end":{"line":71,"column":null}},"line":5},"1":{"name":"(anonymous_1)","decl":{"start":{"line":8,"column":21},"end":{"line":8,"column":22}},"loc":{"start":{"line":9,"column":4},"end":{"line":13,"column":null}},"line":9},"2":{"name":"(anonymous_2)","decl":{"start":{"line":26,"column":41},"end":{"line":26,"column":42}},"loc":{"start":{"line":27,"column":12},"end":{"line":46,"column":null}},"line":27}},"branchMap":{"0":{"loc":{"start":{"line":48,"column":11},"end":{"line":51,"column":null}},"type":"binary-expr","locations":[{"start":{"line":48,"column":11},"end":{"line":48,"column":null}},{"start":{"line":49,"column":12},"end":{"line":51,"column":null}}],"line":48},"1":{"loc":{"start":{"line":53,"column":11},"end":{"line":56,"column":null}},"type":"binary-expr","locations":[{"start":{"line":53,"column":11},"end":{"line":53,"column":22}},{"start":{"line":53,"column":22},"end":{"line":53,"column":null}},{"start":{"line":54,"column":12},"end":{"line":56,"column":null}}],"line":53}},"s":{"0":1,"1":1,"2":1,"3":1,"4":1},"f":{"0":1,"1":1,"2":1},"b":{"0":[1,0],"1":[1,0,0]},"meta":{"lastBranch":2,"lastFunction":3,"lastStatement":5,"seen":{"f:5:9:5:32":0,"s:6:44:6:Infinity":0,"s:8:21:13:Infinity":1,"f:8:21:8:22":1,"s:9:4:13:Infinity":2,"s:14:2:69:Infinity":3,"f:26:41:26:42":2,"s:27:12:46:Infinity":4,"b:48:11:48:Infinity:49:12:51:Infinity":0,"b:53:11:53:22:53:22:53:Infinity:54:12:56:Infinity":1}}}
,"/home/tinman/Desktop/Bachelor/cv-screening-tool/frontend/src/components/Navbar/NavItem.tsx": {"path":"/home/tinman/Desktop/Bachelor/cv-screening-tool/frontend/src/components/Navbar/NavItem.tsx","statementMap":{"0":{"start":{"line":11,"column":2},"end":{"line":27,"column":null}},"1":{"start":{"line":16,"column":10},"end":{"line":21,"column":null}}},"fnMap":{"0":{"name":"NavItem","decl":{"start":{"line":10,"column":9},"end":{"line":10,"column":17}},"loc":{"start":{"line":10,"column":58},"end":{"line":29,"column":2}},"line":10},"1":{"name":"(anonymous_1)","decl":{"start":{"line":15,"column":19},"end":{"line":15,"column":20}},"loc":{"start":{"line":16,"column":10},"end":{"line":21,"column":null}},"line":16}},"branchMap":{"0":{"loc":{"start":{"line":18,"column":12},"end":{"line":20,"column":null}},"type":"cond-expr","locations":[{"start":{"line":19,"column":16},"end":{"line":19,"column":null}},{"start":{"line":20,"column":16},"end":{"line":20,"column":null}}],"line":18}},"s":{"0":4,"1":4},"f":{"0":4,"1":4},"b":{"0":[0,4]},"meta":{"lastBranch":1,"lastFunction":2,"lastStatement":2,"seen":{"f:10:9:10:17":0,"s:11:2:27:Infinity":0,"f:15:19:15:20":1,"s:16:10:21:Infinity":1,"b:19:16:19:Infinity:20:16:20:Infinity":0}}}
,"/home/tinman/Desktop/Bachelor/cv-screening-tool/frontend/src/components/Navbar/Navbar.tsx": {"path":"/home/tinman/Desktop/Bachelor/cv-screening-tool/frontend/src/components/Navbar/Navbar.tsx","statementMap":{"0":{"start":{"line":7,"column":17},"end":{"line":11,"column":null}},"1":{"start":{"line":14,"column":2},"end":{"line":31,"column":null}},"2":{"start":{"line":23,"column":16},"end":{"line":23,"column":null}},"3":{"start":{"line":36,"column":2},"end":{"line":44,"column":null}},"4":{"start":{"line":49,"column":8},"end":{"line":49,"column":null}},"5":{"start":{"line":52,"column":4},"end":{"line":52,"column":null}},"6":{"start":{"line":53,"column":4},"end":{"line":53,"column":null}},"7":{"start":{"line":56,"column":2},"end":{"line":71,"column":null}}},"fnMap":{"0":{"name":"Navbar","decl":{"start":{"line":13,"column":9},"end":{"line":13,"column":18}},"loc":{"start":{"line":13,"column":18},"end":{"line":33,"column":null}},"line":13},"1":{"name":"(anonymous_1)","decl":{"start":{"line":22,"column":28},"end":{"line":22,"column":29}},"loc":{"start":{"line":23,"column":16},"end":{"line":23,"column":null}},"line":23},"2":{"name":"Logo","decl":{"start":{"line":35,"column":9},"end":{"line":35,"column":16}},"loc":{"start":{"line":35,"column":16},"end":{"line":46,"column":null}},"line":35},"3":{"name":"Profile","decl":{"start":{"line":48,"column":9},"end":{"line":48,"column":19}},"loc":{"start":{"line":48,"column":19},"end":{"line":73,"column":null}},"line":48},"4":{"name":"handleLogout","decl":{"start":{"line":51,"column":11},"end":{"line":51,"column":26}},"loc":{"start":{"line":51,"column":26},"end":{"line":54,"column":null}},"line":51}},"branchMap":{},"s":{"0":1,"1":1,"2":3,"3":1,"4":1,"5":0,"6":0,"7":1},"f":{"0":1,"1":3,"2":1,"3":1,"4":0},"b":{},"meta":{"lastBranch":0,"lastFunction":5,"lastStatement":8,"seen":{"s:7:17:11:Infinity":0,"f:13:9:13:18":0,"s:14:2:31:Infinity":1,"f:22:28:22:29":1,"s:23:16:23:Infinity":2,"f:35:9:35:16":2,"s:36:2:44:Infinity":3,"f:48:9:48:19":3,"s:49:8:49:Infinity":4,"f:51:11:51:26":4,"s:52:4:52:Infinity":5,"s:53:4:53:Infinity":6,"s:56:2:71:Infinity":7}}}
,"/home/tinman/Desktop/Bachelor/cv-screening-tool/frontend/src/components/ScreeningPage/CandidateCard.tsx": {"path":"/home/tinman/Desktop/Bachelor/cv-screening-tool/frontend/src/components/ScreeningPage/CandidateCard.tsx","statementMap":{"0":{"start":{"line":13,"column":2},"end":{"line":13,"column":null}},"1":{"start":{"line":14,"column":2},"end":{"line":152,"column":null}},"2":{"start":{"line":69,"column":32},"end":{"line":69,"column":null}},"3":{"start":{"line":70,"column":29},"end":{"line":72,"column":null}},"4":{"start":{"line":74,"column":12},"end":{"line":90,"column":null}},"5":{"start":{"line":77,"column":18},"end":{"line":88,"column":null}},"6":{"start":{"line":102,"column":36},"end":{"line":102,"column":null}},"7":{"start":{"line":103,"column":33},"end":{"line":105,"column":null}},"8":{"start":{"line":107,"column":12},"end":{"line":123,"column":null}},"9":{"start":{"line":110,"column":18},"end":{"line":121,"column":null}},"10":{"start":{"line":137,"column":16},"end":{"line":146,"column":null}}},"fnMap":{"0":{"name":"CandidateCard","decl":{"start":{"line":12,"column":9},"end":{"line":12,"column":23}},"loc":{"start":{"line":12,"column":62},"end":{"line":154,"column":null}},"line":12},"1":{"name":"(anonymous_1)","decl":{"start":{"line":68,"column":12},"end":{"line":68,"column":18}},"loc":{"start":{"line":68,"column":18},"end":{"line":92,"column":13}},"line":68},"2":{"name":"(anonymous_2)","decl":{"start":{"line":76,"column":30},"end":{"line":76,"column":31}},"loc":{"start":{"line":77,"column":18},"end":{"line":88,"column":null}},"line":77},"3":{"name":"(anonymous_3)","decl":{"start":{"line":101,"column":12},"end":{"line":101,"column":18}},"loc":{"start":{"line":101,"column":18},"end":{"line":125,"column":13}},"line":101},"4":{"name":"(anonymous_4)","decl":{"start":{"line":109,"column":34},"end":{"line":109,"column":35}},"loc":{"start":{"line":110,"column":18},"end":{"line":121,"column":null}},"line":110},"5":{"name":"(anonymous_5)","decl":{"start":{"line":136,"column":38},"end":{"line":136,"column":39}},"loc":{"start":{"line":137,"column":16},"end":{"line":146,"column":null}},"line":137}},"branchMap":{"0":{"loc":{"start":{"line":26,"column":15},"end":{"line":26,"column":62}},"type":"binary-expr","locations":[{"start":{"line":26,"column":15},"end":{"line":26,"column":38}},{"start":{"line":26,"column":38},"end":{"line":26,"column":62}}],"line":26},"1":{"loc":{"start":{"line":37,"column":9},"end":{"line":37,"column":null}},"type":"cond-expr","locations":[{"start":{"line":37,"column":27},"end":{"line":37,"column":77}},{"start":{"line":37,"column":77},"end":{"line":37,"column":null}}],"line":37},"2":{"loc":{"start":{"line":38,"column":9},"end":{"line":38,"column":null}},"type":"cond-expr","locations":[{"start":{"line":38,"column":27},"end":{"line":38,"column":77}},{"start":{"line":38,"column":77},"end":{"line":38,"column":null}}],"line":38},"3":{"loc":{"start":{"line":52,"column":7},"end":{"line":55,"column":null}},"type":"binary-expr","locations":[{"start":{"line":52,"column":7},"end":{"line":52,"column":null}},{"start":{"line":53,"column":8},"end":{"line":55,"column":null}}],"line":52},"4":{"loc":{"start":{"line":59,"column":38},"end":{"line":59,"column":null}},"type":"cond-expr","locations":[{"start":{"line":59,"column":66},"end":{"line":59,"column":85}},{"start":{"line":59,"column":85},"end":{"line":59,"column":null}}],"line":59},"5":{"loc":{"start":{"line":70,"column":29},"end":{"line":72,"column":null}},"type":"cond-expr","locations":[{"start":{"line":71,"column":16},"end":{"line":71,"column":null}},{"start":{"line":72,"column":16},"end":{"line":72,"column":null}}],"line":70},"6":{"loc":{"start":{"line":81,"column":21},"end":{"line":86,"column":null}},"type":"cond-expr","locations":[{"start":{"line":82,"column":22},"end":{"line":85,"column":null}},{"start":{"line":86,"column":24},"end":{"line":86,"column":null}}],"line":81},"7":{"loc":{"start":{"line":103,"column":33},"end":{"line":105,"column":null}},"type":"cond-expr","locations":[{"start":{"line":104,"column":16},"end":{"line":104,"column":null}},{"start":{"line":105,"column":16},"end":{"line":105,"column":null}}],"line":103},"8":{"loc":{"start":{"line":114,"column":21},"end":{"line":119,"column":null}},"type":"cond-expr","locations":[{"start":{"line":115,"column":22},"end":{"line":118,"column":null}},{"start":{"line":119,"column":24},"end":{"line":119,"column":null}}],"line":114},"9":{"loc":{"start":{"line":128,"column":9},"end":{"line":150,"column":null}},"type":"cond-expr","locations":[{"start":{"line":129,"column":10},"end":{"line":149,"column":null}},{"start":{"line":150,"column":12},"end":{"line":150,"column":null}}],"line":128}},"s":{"0":3,"1":3,"2":3,"3":3,"4":3,"5":3,"6":3,"7":3,"8":3,"9":3,"10":0},"f":{"0":3,"1":3,"2":3,"3":3,"4":3,"5":0},"b":{"0":[3,2],"1":[0,3],"2":[0,3],"3":[3,1],"4":[0,3],"5":[1,2],"6":[1,2],"7":[0,3],"8":[0,3],"9":[0,3]},"meta":{"lastBranch":10,"lastFunction":6,"lastStatement":11,"seen":{"f:12:9:12:23":0,"s:13:2:13:Infinity":0,"s:14:2:152:Infinity":1,"b:26:15:26:38:26:38:26:62":0,"b:37:27:37:77:37:77:37:Infinity":1,"b:38:27:38:77:38:77:38:Infinity":2,"b:52:7:52:Infinity:53:8:55:Infinity":3,"b:59:66:59:85:59:85:59:Infinity":4,"f:68:12:68:18":1,"s:69:32:69:Infinity":2,"s:70:29:72:Infinity":3,"b:71:16:71:Infinity:72:16:72:Infinity":5,"s:74:12:90:Infinity":4,"f:76:30:76:31":2,"s:77:18:88:Infinity":5,"b:82:22:85:Infinity:86:24:86:Infinity":6,"f:101:12:101:18":3,"s:102:36:102:Infinity":6,"s:103:33:105:Infinity":7,"b:104:16:104:Infinity:105:16:105:Infinity":7,"s:107:12:123:Infinity":8,"f:109:34:109:35":4,"s:110:18:121:Infinity":9,"b:115:22:118:Infinity:119:24:119:Infinity":8,"b:129:10:149:Infinity:150:12:150:Infinity":9,"f:136:38:136:39":5,"s:137:16:146:Infinity":10}}}
,"/home/tinman/Desktop/Bachelor/cv-screening-tool/frontend/src/components/ScreeningPage/CandidateOverview.tsx": {"path":"/home/tinman/Desktop/Bachelor/cv-screening-tool/frontend/src/components/ScreeningPage/CandidateOverview.tsx","statementMap":{"0":{"start":{"line":5,"column":2},"end":{"line":58,"column":null}},"1":{"start":{"line":10,"column":32},"end":{"line":10,"column":43}},"2":{"start":{"line":14,"column":16},"end":{"line":19,"column":null}},"3":{"start":{"line":33,"column":32},"end":{"line":33,"column":44}},"4":{"start":{"line":37,"column":16},"end":{"line":42,"column":null}}},"fnMap":{"0":{"name":"CandidateOverview","decl":{"start":{"line":4,"column":9},"end":{"line":4,"column":27}},"loc":{"start":{"line":4,"column":78},"end":{"line":61,"column":null}},"line":4},"1":{"name":"(anonymous_1)","decl":{"start":{"line":10,"column":25},"end":{"line":10,"column":26}},"loc":{"start":{"line":10,"column":32},"end":{"line":10,"column":43}},"line":10},"2":{"name":"(anonymous_2)","decl":{"start":{"line":13,"column":14},"end":{"line":13,"column":15}},"loc":{"start":{"line":14,"column":16},"end":{"line":19,"column":null}},"line":14},"3":{"name":"(anonymous_3)","decl":{"start":{"line":33,"column":25},"end":{"line":33,"column":26}},"loc":{"start":{"line":33,"column":32},"end":{"line":33,"column":44}},"line":33},"4":{"name":"(anonymous_4)","decl":{"start":{"line":36,"column":14},"end":{"line":36,"column":15}},"loc":{"start":{"line":37,"column":16},"end":{"line":42,"column":null}},"line":37}},"branchMap":{"0":{"loc":{"start":{"line":10,"column":9},"end":{"line":26,"column":null}},"type":"cond-expr","locations":[{"start":{"line":11,"column":10},"end":{"line":22,"column":null}},{"start":{"line":24,"column":10},"end":{"line":26,"column":null}}],"line":10},"1":{"loc":{"start":{"line":14,"column":16},"end":{"line":19,"column":null}},"type":"binary-expr","locations":[{"start":{"line":14,"column":16},"end":{"line":14,"column":null}},{"start":{"line":15,"column":18},"end":{"line":19,"column":null}}],"line":14},"2":{"loc":{"start":{"line":33,"column":9},"end":{"line":49,"column":null}},"type":"cond-expr","locations":[{"start":{"line":34,"column":10},"end":{"line":45,"column":null}},{"start":{"line":47,"column":10},"end":{"line":49,"column":null}}],"line":33},"3":{"loc":{"start":{"line":37,"column":16},"end":{"line":42,"column":null}},"type":"binary-expr","locations":[{"start":{"line":37,"column":16},"end":{"line":37,"column":null}},{"start":{"line":38,"column":18},"end":{"line":42,"column":null}}],"line":37}},"s":{"0":1,"1":1,"2":2,"3":2,"4":2},"f":{"0":1,"1":1,"2":2,"3":2,"4":2},"b":{"0":[1,0],"1":[2,1],"2":[1,0],"3":[2,1]},"meta":{"lastBranch":4,"lastFunction":5,"lastStatement":5,"seen":{"f:4:9:4:27":0,"s:5:2:58:Infinity":0,"b:11:10:22:Infinity:24:10:26:Infinity":0,"f:10:25:10:26":1,"s:10:32:10:43":1,"f:13:14:13:15":2,"s:14:16:19:Infinity":2,"b:14:16:14:Infinity:15:18:19:Infinity":1,"b:34:10:45:Infinity:47:10:49:Infinity":2,"f:33:25:33:26":3,"s:33:32:33:44":3,"f:36:14:36:15":4,"s:37:16:42:Infinity":4,"b:37:16:37:Infinity:38:18:42:Infinity":3}}}
,"/home/tinman/Desktop/Bachelor/cv-screening-tool/frontend/src/components/ScreeningPage/CandidateSidebar.tsx": {"path":"/home/tinman/Desktop/Bachelor/cv-screening-tool/frontend/src/components/ScreeningPage/CandidateSidebar.tsx","statementMap":{"0":{"start":{"line":3,"column":2},"end":{"line":48,"column":null}},"1":{"start":{"line":7,"column":30},"end":{"line":7,"column":41}},"2":{"start":{"line":10,"column":45},"end":{"line":10,"column":64}},"3":{"start":{"line":11,"column":12},"end":{"line":18,"column":null}},"4":{"start":{"line":27,"column":30},"end":{"line":27,"column":42}},"5":{"start":{"line":30,"column":45},"end":{"line":30,"column":65}},"6":{"start":{"line":31,"column":12},"end":{"line":38,"column":null}}},"fnMap":{"0":{"name":"CandidateSidbar","decl":{"start":{"line":2,"column":9},"end":{"line":2,"column":25}},"loc":{"start":{"line":2,"column":76},"end":{"line":50,"column":null}},"line":2},"1":{"name":"(anonymous_1)","decl":{"start":{"line":7,"column":23},"end":{"line":7,"column":24}},"loc":{"start":{"line":7,"column":30},"end":{"line":7,"column":41}},"line":7},"2":{"name":"(anonymous_2)","decl":{"start":{"line":10,"column":30},"end":{"line":10,"column":31}},"loc":{"start":{"line":10,"column":45},"end":{"line":10,"column":64}},"line":10},"3":{"name":"(anonymous_3)","decl":{"start":{"line":10,"column":70},"end":{"line":10,"column":71}},"loc":{"start":{"line":11,"column":12},"end":{"line":18,"column":null}},"line":11},"4":{"name":"(anonymous_4)","decl":{"start":{"line":27,"column":23},"end":{"line":27,"column":24}},"loc":{"start":{"line":27,"column":30},"end":{"line":27,"column":42}},"line":27},"5":{"name":"(anonymous_5)","decl":{"start":{"line":30,"column":30},"end":{"line":30,"column":31}},"loc":{"start":{"line":30,"column":45},"end":{"line":30,"column":65}},"line":30},"6":{"name":"(anonymous_6)","decl":{"start":{"line":30,"column":71},"end":{"line":30,"column":72}},"loc":{"start":{"line":31,"column":12},"end":{"line":38,"column":null}},"line":31}},"branchMap":{"0":{"loc":{"start":{"line":7,"column":7},"end":{"line":22,"column":null}},"type":"cond-expr","locations":[{"start":{"line":8,"column":8},"end":{"line":20,"column":null}},{"start":{"line":22,"column":8},"end":{"line":22,"column":null}}],"line":7},"1":{"loc":{"start":{"line":17,"column":16},"end":{"line":17,"column":null}},"type":"cond-expr","locations":[{"start":{"line":17,"column":55},"end":{"line":17,"column":85}},{"start":{"line":17,"column":85},"end":{"line":17,"column":null}}],"line":17},"2":{"loc":{"start":{"line":17,"column":16},"end":{"line":17,"column":55}},"type":"binary-expr","locations":[{"start":{"line":17,"column":16},"end":{"line":17,"column":35}},{"start":{"line":17,"column":35},"end":{"line":17,"column":55}}],"line":17},"3":{"loc":{"start":{"line":27,"column":7},"end":{"line":42,"column":null}},"type":"cond-expr","locations":[{"start":{"line":28,"column":8},"end":{"line":40,"column":null}},{"start":{"line":42,"column":8},"end":{"line":42,"column":null}}],"line":27},"4":{"loc":{"start":{"line":37,"column":16},"end":{"line":37,"column":null}},"type":"cond-expr","locations":[{"start":{"line":37,"column":55},"end":{"line":37,"column":85}},{"start":{"line":37,"column":85},"end":{"line":37,"column":null}}],"line":37},"5":{"loc":{"start":{"line":37,"column":16},"end":{"line":37,"column":55}},"type":"binary-expr","locations":[{"start":{"line":37,"column":16},"end":{"line":37,"column":35}},{"start":{"line":37,"column":35},"end":{"line":37,"column":55}}],"line":37}},"s":{"0":1,"1":1,"2":2,"3":1,"4":2,"5":2,"6":1},"f":{"0":1,"1":1,"2":2,"3":1,"4":2,"5":2,"6":1},"b":{"0":[1,0],"1":[0,1],"2":[1,1],"3":[1,0],"4":[1,0],"5":[1,0]},"meta":{"lastBranch":6,"lastFunction":7,"lastStatement":7,"seen":{"f:2:9:2:25":0,"s:3:2:48:Infinity":0,"b:8:8:20:Infinity:22:8:22:Infinity":0,"f:7:23:7:24":1,"s:7:30:7:41":1,"f:10:30:10:31":2,"s:10:45:10:64":2,"f:10:70:10:71":3,"s:11:12:18:Infinity":3,"b:17:55:17:85:17:85:17:Infinity":1,"b:17:16:17:35:17:35:17:55":2,"b:28:8:40:Infinity:42:8:42:Infinity":3,"f:27:23:27:24":4,"s:27:30:27:42":4,"f:30:30:30:31":5,"s:30:45:30:65":5,"f:30:71:30:72":6,"s:31:12:38:Infinity":6,"b:37:55:37:85:37:85:37:Infinity":4,"b:37:16:37:35:37:35:37:55":5}}}
,"/home/tinman/Desktop/Bachelor/cv-screening-tool/frontend/src/components/newScreening/NewScreening.tsx": {"path":"/home/tinman/Desktop/Bachelor/cv-screening-tool/frontend/src/components/newScreening/NewScreening.tsx","statementMap":{"0":{"start":{"line":43,"column":2},"end":{"line":76,"column":null}}},"fnMap":{"0":{"name":"NewScreening","decl":{"start":{"line":29,"column":9},"end":{"line":29,"column":22}},"loc":{"start":{"line":42,"column":22},"end":{"line":78,"column":null}},"line":42}},"branchMap":{"0":{"loc":{"start":{"line":56,"column":7},"end":{"line":60,"column":null}},"type":"cond-expr","locations":[{"start":{"line":57,"column":8},"end":{"line":59,"column":null}},{"start":{"line":60,"column":10},"end":{"line":60,"column":null}}],"line":56},"1":{"loc":{"start":{"line":62,"column":7},"end":{"line":74,"column":null}},"type":"cond-expr","locations":[{"start":{"line":63,"column":8},"end":{"line":68,"column":null}},{"start":{"line":70,"column":8},"end":{"line":74,"column":null}}],"line":62}},"s":{"0":2},"f":{"0":2},"b":{"0":[0,2],"1":[1,1]},"meta":{"lastBranch":2,"lastFunction":1,"lastStatement":1,"seen":{"f:29:9:29:22":0,"s:43:2:76:Infinity":0,"b:57:8:59:Infinity:60:10:60:Infinity":0,"b:63:8:68:Infinity:70:8:74:Infinity":1}}}
,"/home/tinman/Desktop/Bachelor/cv-screening-tool/frontend/src/components/newScreening/ProcessingStatusCard.tsx": {"path":"/home/tinman/Desktop/Bachelor/cv-screening-tool/frontend/src/components/newScreening/ProcessingStatusCard.tsx","statementMap":{"0":{"start":{"line":18,"column":2},"end":{"line":47,"column":null}}},"fnMap":{"0":{"name":"ProcessingStatusCard","decl":{"start":{"line":13,"column":9},"end":{"line":13,"column":30}},"loc":{"start":{"line":17,"column":30},"end":{"line":82,"column":null}},"line":17}},"branchMap":{"0":{"loc":{"start":{"line":21,"column":9},"end":{"line":44,"column":null}},"type":"cond-expr","locations":[{"start":{"line":22,"column":10},"end":{"line":28,"column":null}},{"start":{"line":30,"column":10},"end":{"line":44,"column":null}}],"line":21}},"s":{"0":3},"f":{"0":3},"b":{"0":[1,2]},"meta":{"lastBranch":1,"lastFunction":1,"lastStatement":1,"seen":{"f:13:9:13:30":0,"s:18:2:47:Infinity":0,"b:22:10:28:Infinity:30:10:44:Infinity":0}}}
,"/home/tinman/Desktop/Bachelor/cv-screening-tool/frontend/src/components/newScreening/ScreeningProgressSteps.tsx": {"path":"/home/tinman/Desktop/Bachelor/cv-screening-tool/frontend/src/components/newScreening/ScreeningProgressSteps.tsx","statementMap":{"0":{"start":{"line":12,"column":25},"end":{"line":12,"column":null}},"1":{"start":{"line":13,"column":30},"end":{"line":13,"column":null}},"2":{"start":{"line":25,"column":4},"end":{"line":27,"column":null}},"3":{"start":{"line":29,"column":2},"end":{"line":41,"column":null}},"4":{"start":{"line":46,"column":2},"end":{"line":46,"column":null}},"5":{"start":{"line":54,"column":2},"end":{"line":83,"column":null}}},"fnMap":{"0":{"name":"StepNode","decl":{"start":{"line":15,"column":9},"end":{"line":15,"column":18}},"loc":{"start":{"line":23,"column":3},"end":{"line":43,"column":null}},"line":23},"1":{"name":"connectorValue","decl":{"start":{"line":45,"column":9},"end":{"line":45,"column":24}},"loc":{"start":{"line":45,"column":52},"end":{"line":47,"column":null}},"line":45},"2":{"name":"ScreeningProgressSteps","decl":{"start":{"line":49,"column":9},"end":{"line":49,"column":32}},"loc":{"start":{"line":53,"column":32},"end":{"line":85,"column":null}},"line":53}},"branchMap":{"0":{"loc":{"start":{"line":25,"column":4},"end":{"line":27,"column":null}},"type":"cond-expr","locations":[{"start":{"line":26,"column":8},"end":{"line":26,"column":null}},{"start":{"line":27,"column":8},"end":{"line":27,"column":null}}],"line":25},"1":{"loc":{"start":{"line":32,"column":20},"end":{"line":32,"column":null}},"type":"cond-expr","locations":[{"start":{"line":32,"column":42},"end":{"line":32,"column":51}},{"start":{"line":32,"column":51},"end":{"line":32,"column":null}}],"line":32},"2":{"loc":{"start":{"line":38,"column":9},"end":{"line":38,"column":null}},"type":"cond-expr","locations":[{"start":{"line":38,"column":34},"end":{"line":38,"column":70}},{"start":{"line":38,"column":70},"end":{"line":38,"column":null}}],"line":38},"3":{"loc":{"start":{"line":46,"column":9},"end":{"line":46,"column":null}},"type":"cond-expr","locations":[{"start":{"line":46,"column":41},"end":{"line":46,"column":45}},{"start":{"line":46,"column":45},"end":{"line":46,"column":null}}],"line":46}},"s":{"0":1,"1":1,"2":9,"3":9,"4":6,"5":3},"f":{"0":9,"1":6,"2":3},"b":{"0":[3,6],"1":[2,7],"2":[4,5],"3":[3,3]},"meta":{"lastBranch":4,"lastFunction":3,"lastStatement":6,"seen":{"s:12:25:12:Infinity":0,"s:13:30:13:Infinity":1,"f:15:9:15:18":0,"s:25:4:27:Infinity":2,"b:26:8:26:Infinity:27:8:27:Infinity":0,"s:29:2:41:Infinity":3,"b:32:42:32:51:32:51:32:Infinity":1,"b:38:34:38:70:38:70:38:Infinity":2,"f:45:9:45:24":1,"s:46:2:46:Infinity":4,"b:46:41:46:45:46:45:46:Infinity":3,"f:49:9:49:32":2,"s:54:2:83:Infinity":5}}}
,"/home/tinman/Desktop/Bachelor/cv-screening-tool/frontend/src/components/newScreening/UploadJobDescriptionCard.tsx": {"path":"/home/tinman/Desktop/Bachelor/cv-screening-tool/frontend/src/components/newScreening/UploadJobDescriptionCard.tsx","statementMap":{"0":{"start":{"line":41,"column":8},"end":{"line":52,"column":null}},"1":{"start":{"line":54,"column":2},"end":{"line":62,"column":null}},"2":{"start":{"line":55,"column":4},"end":{"line":61,"column":null}},"3":{"start":{"line":64,"column":15},"end":{"line":64,"column":null}},"4":{"start":{"line":65,"column":23},"end":{"line":65,"column":null}},"5":{"start":{"line":66,"column":29},"end":{"line":66,"column":null}},"6":{"start":{"line":68,"column":4},"end":{"line":70,"column":null}},"7":{"start":{"line":72,"column":8},"end":{"line":72,"column":null}},"8":{"start":{"line":73,"column":22},"end":{"line":73,"column":null}},"9":{"start":{"line":74,"column":22},"end":{"line":74,"column":null}},"10":{"start":{"line":75,"column":21},"end":{"line":75,"column":null}},"11":{"start":{"line":76,"column":22},"end":{"line":76,"column":null}},"12":{"start":{"line":77,"column":8},"end":{"line":77,"column":null}},"13":{"start":{"line":79,"column":24},"end":{"line":85,"column":null}},"14":{"start":{"line":80,"column":4},"end":{"line":84,"column":null}},"15":{"start":{"line":87,"column":18},"end":{"line":111,"column":null}},"16":{"start":{"line":88,"column":4},"end":{"line":88,"column":null}},"17":{"start":{"line":88,"column":27},"end":{"line":88,"column":null}},"18":{"start":{"line":90,"column":4},"end":{"line":94,"column":null}},"19":{"start":{"line":96,"column":4},"end":{"line":108,"column":null}},"20":{"start":{"line":97,"column":6},"end":{"line":101,"column":null}},"21":{"start":{"line":103,"column":6},"end":{"line":107,"column":null}},"22":{"start":{"line":110,"column":4},"end":{"line":110,"column":null}},"23":{"start":{"line":114,"column":4},"end":{"line":116,"column":null}},"24":{"start":{"line":118,"column":2},"end":{"line":309,"column":null}},"25":{"start":{"line":142,"column":29},"end":{"line":142,"column":null}},"26":{"start":{"line":155,"column":29},"end":{"line":155,"column":null}},"27":{"start":{"line":167,"column":12},"end":{"line":167,"column":null}},"28":{"start":{"line":175,"column":16},"end":{"line":247,"column":null}},"29":{"start":{"line":192,"column":35},"end":{"line":192,"column":null}},"30":{"start":{"line":193,"column":22},"end":{"line":193,"column":null}},"31":{"start":{"line":194,"column":22},"end":{"line":194,"column":null}},"32":{"start":{"line":214,"column":41},"end":{"line":214,"column":null}},"33":{"start":{"line":225,"column":41},"end":{"line":225,"column":null}},"34":{"start":{"line":255,"column":16},"end":{"line":283,"column":null}}},"fnMap":{"0":{"name":"UploadJobDescriptionCard","decl":{"start":{"line":36,"column":9},"end":{"line":36,"column":34}},"loc":{"start":{"line":40,"column":34},"end":{"line":311,"column":null}},"line":40},"1":{"name":"(anonymous_1)","decl":{"start":{"line":54,"column":12},"end":{"line":54,"column":18}},"loc":{"start":{"line":54,"column":18},"end":{"line":62,"column":5}},"line":54},"2":{"name":"(anonymous_2)","decl":{"start":{"line":79,"column":24},"end":{"line":79,"column":25}},"loc":{"start":{"line":79,"column":52},"end":{"line":85,"column":null}},"line":79},"3":{"name":"(anonymous_3)","decl":{"start":{"line":87,"column":18},"end":{"line":87,"column":19}},"loc":{"start":{"line":87,"column":48},"end":{"line":111,"column":null}},"line":87},"4":{"name":"(anonymous_4)","decl":{"start":{"line":142,"column":23},"end":{"line":142,"column":29}},"loc":{"start":{"line":142,"column":29},"end":{"line":142,"column":null}},"line":142},"5":{"name":"(anonymous_5)","decl":{"start":{"line":155,"column":23},"end":{"line":155,"column":29}},"loc":{"start":{"line":155,"column":29},"end":{"line":155,"column":null}},"line":155},"6":{"name":"(anonymous_6)","decl":{"start":{"line":166,"column":38},"end":{"line":166,"column":39}},"loc":{"start":{"line":166,"column":50},"end":{"line":168,"column":11}},"line":166},"7":{"name":"(anonymous_7)","decl":{"start":{"line":174,"column":22},"end":{"line":174,"column":23}},"loc":{"start":{"line":175,"column":16},"end":{"line":247,"column":null}},"line":175},"8":{"name":"(anonymous_8)","decl":{"start":{"line":191,"column":30},"end":{"line":191,"column":31}},"loc":{"start":{"line":191,"column":41},"end":{"line":195,"column":null}},"line":191},"9":{"name":"(anonymous_9)","decl":{"start":{"line":214,"column":35},"end":{"line":214,"column":41}},"loc":{"start":{"line":214,"column":41},"end":{"line":214,"column":null}},"line":214},"10":{"name":"(anonymous_10)","decl":{"start":{"line":225,"column":35},"end":{"line":225,"column":41}},"loc":{"start":{"line":225,"column":41},"end":{"line":225,"column":null}},"line":225},"11":{"name":"(anonymous_11)","decl":{"start":{"line":254,"column":22},"end":{"line":254,"column":23}},"loc":{"start":{"line":255,"column":16},"end":{"line":283,"column":null}},"line":255}},"branchMap":{"0":{"loc":{"start":{"line":46,"column":12},"end":{"line":46,"column":null}},"type":"binary-expr","locations":[{"start":{"line":46,"column":12},"end":{"line":46,"column":34}},{"start":{"line":46,"column":34},"end":{"line":46,"column":null}}],"line":46},"1":{"loc":{"start":{"line":48,"column":8},"end":{"line":48,"column":null}},"type":"cond-expr","locations":[{"start":{"line":48,"column":39},"end":{"line":48,"column":59}},{"start":{"line":48,"column":59},"end":{"line":48,"column":null}}],"line":48},"2":{"loc":{"start":{"line":50,"column":8},"end":{"line":50,"column":null}},"type":"cond-expr","locations":[{"start":{"line":50,"column":40},"end":{"line":50,"column":60}},{"start":{"line":50,"column":60},"end":{"line":50,"column":null}}],"line":50},"3":{"loc":{"start":{"line":56,"column":12},"end":{"line":56,"column":null}},"type":"binary-expr","locations":[{"start":{"line":56,"column":12},"end":{"line":56,"column":34}},{"start":{"line":56,"column":34},"end":{"line":56,"column":null}}],"line":56},"4":{"loc":{"start":{"line":58,"column":8},"end":{"line":58,"column":null}},"type":"cond-expr","locations":[{"start":{"line":58,"column":39},"end":{"line":58,"column":59}},{"start":{"line":58,"column":59},"end":{"line":58,"column":null}}],"line":58},"5":{"loc":{"start":{"line":60,"column":8},"end":{"line":60,"column":null}},"type":"cond-expr","locations":[{"start":{"line":60,"column":40},"end":{"line":60,"column":60}},{"start":{"line":60,"column":60},"end":{"line":60,"column":null}}],"line":60},"6":{"loc":{"start":{"line":66,"column":29},"end":{"line":66,"column":null}},"type":"binary-expr","locations":[{"start":{"line":66,"column":29},"end":{"line":66,"column":65}},{"start":{"line":66,"column":65},"end":{"line":66,"column":null}}],"line":66},"7":{"loc":{"start":{"line":68,"column":4},"end":{"line":70,"column":null}},"type":"binary-expr","locations":[{"start":{"line":68,"column":4},"end":{"line":68,"column":null}},{"start":{"line":69,"column":4},"end":{"line":69,"column":null}},{"start":{"line":70,"column":4},"end":{"line":70,"column":null}}],"line":68},"8":{"loc":{"start":{"line":88,"column":4},"end":{"line":88,"column":null}},"type":"if","locations":[{"start":{"line":88,"column":4},"end":{"line":88,"column":null}},{"start":{},"end":{}}],"line":88},"9":{"loc":{"start":{"line":96,"column":4},"end":{"line":108,"column":null}},"type":"if","locations":[{"start":{"line":96,"column":4},"end":{"line":108,"column":null}},{"start":{"line":102,"column":11},"end":{"line":108,"column":null}}],"line":96},"10":{"loc":{"start":{"line":114,"column":4},"end":{"line":116,"column":null}},"type":"cond-expr","locations":[{"start":{"line":115,"column":8},"end":{"line":115,"column":null}},{"start":{"line":116,"column":8},"end":{"line":116,"column":null}}],"line":114},"11":{"loc":{"start":{"line":136,"column":23},"end":{"line":136,"column":null}},"type":"cond-expr","locations":[{"start":{"line":136,"column":40},"end":{"line":136,"column":52}},{"start":{"line":136,"column":52},"end":{"line":136,"column":null}}],"line":136},"12":{"loc":{"start":{"line":138,"column":16},"end":{"line":140,"column":null}},"type":"cond-expr","locations":[{"start":{"line":139,"column":20},"end":{"line":139,"column":null}},{"start":{"line":140,"column":20},"end":{"line":140,"column":null}}],"line":138},"13":{"loc":{"start":{"line":149,"column":23},"end":{"line":149,"column":null}},"type":"cond-expr","locations":[{"start":{"line":149,"column":41},"end":{"line":149,"column":53}},{"start":{"line":149,"column":53},"end":{"line":149,"column":null}}],"line":149},"14":{"loc":{"start":{"line":151,"column":16},"end":{"line":153,"column":null}},"type":"cond-expr","locations":[{"start":{"line":152,"column":20},"end":{"line":152,"column":null}},{"start":{"line":153,"column":20},"end":{"line":153,"column":null}}],"line":151},"15":{"loc":{"start":{"line":170,"column":11},"end":{"line":285,"column":null}},"type":"cond-expr","locations":[{"start":{"line":171,"column":12},"end":{"line":249,"column":null}},{"start":{"line":251,"column":12},"end":{"line":285,"column":null}}],"line":170},"16":{"loc":{"start":{"line":189,"column":22},"end":{"line":189,"column":null}},"type":"cond-expr","locations":[{"start":{"line":189,"column":43},"end":{"line":189,"column":57}},{"start":{"line":189,"column":57},"end":{"line":189,"column":null}}],"line":189},"17":{"loc":{"start":{"line":201,"column":21},"end":{"line":229,"column":null}},"type":"cond-expr","locations":[{"start":{"line":202,"column":22},"end":{"line":218,"column":null}},{"start":{"line":220,"column":22},"end":{"line":229,"column":null}}],"line":201},"18":{"loc":{"start":{"line":208,"column":39},"end":{"line":208,"column":62}},"type":"binary-expr","locations":[{"start":{"line":208,"column":39},"end":{"line":208,"column":61}},{"start":{"line":208,"column":61},"end":{"line":208,"column":62}}],"line":208},"19":{"loc":{"start":{"line":233,"column":19},"end":{"line":236,"column":null}},"type":"binary-expr","locations":[{"start":{"line":233,"column":19},"end":{"line":233,"column":null}},{"start":{"line":234,"column":20},"end":{"line":236,"column":null}}],"line":233},"20":{"loc":{"start":{"line":239,"column":19},"end":{"line":245,"column":null}},"type":"binary-expr","locations":[{"start":{"line":239,"column":19},"end":{"line":239,"column":null}},{"start":{"line":240,"column":20},"end":{"line":245,"column":null}}],"line":239},"21":{"loc":{"start":{"line":267,"column":22},"end":{"line":267,"column":null}},"type":"cond-expr","locations":[{"start":{"line":267,"column":43},"end":{"line":267,"column":57}},{"start":{"line":267,"column":57},"end":{"line":267,"column":null}}],"line":267},"22":{"loc":{"start":{"line":275,"column":19},"end":{"line":281,"column":null}},"type":"binary-expr","locations":[{"start":{"line":275,"column":19},"end":{"line":275,"column":null}},{"start":{"line":276,"column":20},"end":{"line":281,"column":null}}],"line":275},"23":{"loc":{"start":{"line":304,"column":15},"end":{"line":304,"column":null}},"type":"cond-expr","locations":[{"start":{"line":304,"column":32},"end":{"line":304,"column":47}},{"start":{"line":304,"column":47},"end":{"line":304,"column":null}}],"line":304}},"s":{"0":6,"1":6,"2":2,"3":6,"4":6,"5":6,"6":6,"7":6,"8":6,"9":6,"10":6,"11":6,"12":6,"13":6,"14":0,"15":6,"16":1,"17":0,"18":1,"19":1,"20":0,"21":1,"22":1,"23":6,"24":6,"25":0,"26":1,"27":0,"28":4,"29":0,"30":0,"31":0,"32":0,"33":0,"34":2},"f":{"0":6,"1":2,"2":0,"3":1,"4":0,"5":1,"6":0,"7":4,"8":0,"9":0,"10":0,"11":2},"b":{"0":[6,6],"1":[0,6],"2":[0,6],"3":[2,2],"4":[0,2],"5":[0,2],"6":[6,0],"7":[6,0,0],"8":[0,1],"9":[0,1],"10":[4,2],"11":[4,2],"12":[4,2],"13":[2,4],"14":[2,4],"15":[4,2],"16":[0,4],"17":[0,4],"18":[0,0],"19":[4,4],"20":[4,0],"21":[0,2],"22":[2,0],"23":[0,6]},"meta":{"lastBranch":24,"lastFunction":12,"lastStatement":35,"seen":{"f:36:9:36:34":0,"s:41:8:52:Infinity":0,"b:46:12:46:34:46:34:46:Infinity":0,"b:48:39:48:59:48:59:48:Infinity":1,"b:50:40:50:60:50:60:50:Infinity":2,"s:54:2:62:Infinity":1,"f:54:12:54:18":1,"s:55:4:61:Infinity":2,"b:56:12:56:34:56:34:56:Infinity":3,"b:58:39:58:59:58:59:58:Infinity":4,"b:60:40:60:60:60:60:60:Infinity":5,"s:64:15:64:Infinity":3,"s:65:23:65:Infinity":4,"s:66:29:66:Infinity":5,"b:66:29:66:65:66:65:66:Infinity":6,"s:68:4:70:Infinity":6,"b:68:4:68:Infinity:69:4:69:Infinity:70:4:70:Infinity":7,"s:72:8:72:Infinity":7,"s:73:22:73:Infinity":8,"s:74:22:74:Infinity":9,"s:75:21:75:Infinity":10,"s:76:22:76:Infinity":11,"s:77:8:77:Infinity":12,"s:79:24:85:Infinity":13,"f:79:24:79:25":2,"s:80:4:84:Infinity":14,"s:87:18:111:Infinity":15,"f:87:18:87:19":3,"b:88:4:88:Infinity:undefined:undefined:undefined:undefined":8,"s:88:4:88:Infinity":16,"s:88:27:88:Infinity":17,"s:90:4:94:Infinity":18,"b:96:4:108:Infinity:102:11:108:Infinity":9,"s:96:4:108:Infinity":19,"s:97:6:101:Infinity":20,"s:103:6:107:Infinity":21,"s:110:4:110:Infinity":22,"s:114:4:116:Infinity":23,"b:115:8:115:Infinity:116:8:116:Infinity":10,"s:118:2:309:Infinity":24,"b:136:40:136:52:136:52:136:Infinity":11,"b:139:20:139:Infinity:140:20:140:Infinity":12,"f:142:23:142:29":4,"s:142:29:142:Infinity":25,"b:149:41:149:53:149:53:149:Infinity":13,"b:152:20:152:Infinity:153:20:153:Infinity":14,"f:155:23:155:29":5,"s:155:29:155:Infinity":26,"f:166:38:166:39":6,"s:167:12:167:Infinity":27,"b:171:12:249:Infinity:251:12:285:Infinity":15,"f:174:22:174:23":7,"s:175:16:247:Infinity":28,"b:189:43:189:57:189:57:189:Infinity":16,"f:191:30:191:31":8,"s:192:35:192:Infinity":29,"s:193:22:193:Infinity":30,"s:194:22:194:Infinity":31,"b:202:22:218:Infinity:220:22:229:Infinity":17,"b:208:39:208:61:208:61:208:62":18,"f:214:35:214:41":9,"s:214:41:214:Infinity":32,"f:225:35:225:41":10,"s:225:41:225:Infinity":33,"b:233:19:233:Infinity:234:20:236:Infinity":19,"b:239:19:239:Infinity:240:20:245:Infinity":20,"f:254:22:254:23":11,"s:255:16:283:Infinity":34,"b:267:43:267:57:267:57:267:Infinity":21,"b:275:19:275:Infinity:276:20:281:Infinity":22,"b:304:32:304:47:304:47:304:Infinity":23}}}
,"/home/tinman/Desktop/Bachelor/cv-screening-tool/frontend/src/components/ui/alert.tsx": {"path":"/home/tinman/Desktop/Bachelor/cv-screening-tool/frontend/src/components/ui/alert.tsx","statementMap":{"0":{"start":{"line":6,"column":6},"end":{"line":20,"column":null}},"1":{"start":{"line":27,"column":2},"end":{"line":33,"column":null}},"2":{"start":{"line":38,"column":2},"end":{"line":46,"column":null}},"3":{"start":{"line":54,"column":2},"end":{"line":62,"column":null}}},"fnMap":{"0":{"name":"Alert","decl":{"start":{"line":22,"column":9},"end":{"line":22,"column":15}},"loc":{"start":{"line":26,"column":69},"end":{"line":35,"column":null}},"line":26},"1":{"name":"AlertTitle","decl":{"start":{"line":37,"column":9},"end":{"line":37,"column":20}},"loc":{"start":{"line":37,"column":74},"end":{"line":48,"column":null}},"line":37},"2":{"name":"AlertDescription","decl":{"start":{"line":50,"column":9},"end":{"line":50,"column":26}},"loc":{"start":{"line":53,"column":32},"end":{"line":64,"column":null}},"line":53}},"branchMap":{},"s":{"0":6,"1":2,"2":2,"3":2},"f":{"0":2,"1":2,"2":2},"b":{},"meta":{"lastBranch":0,"lastFunction":3,"lastStatement":4,"seen":{"s:6:6:20:Infinity":0,"f:22:9:22:15":0,"s:27:2:33:Infinity":1,"f:37:9:37:20":1,"s:38:2:46:Infinity":2,"f:50:9:50:26":2,"s:54:2:62:Infinity":3}}}
,"/home/tinman/Desktop/Bachelor/cv-screening-tool/frontend/src/components/ui/badge.tsx": {"path":"/home/tinman/Desktop/Bachelor/cv-screening-tool/frontend/src/components/ui/badge.tsx","statementMap":{"0":{"start":{"line":7,"column":6},"end":{"line":27,"column":null}},"1":{"start":{"line":36,"column":15},"end":{"line":36,"column":null}},"2":{"start":{"line":38,"column":2},"end":{"line":44,"column":null}}},"fnMap":{"0":{"name":"Badge","decl":{"start":{"line":29,"column":9},"end":{"line":29,"column":15}},"loc":{"start":{"line":35,"column":62},"end":{"line":46,"column":null}},"line":35}},"branchMap":{"0":{"loc":{"start":{"line":31,"column":2},"end":{"line":31,"column":null}},"type":"default-arg","locations":[{"start":{"line":31,"column":12},"end":{"line":31,"column":null}}],"line":31},"1":{"loc":{"start":{"line":32,"column":2},"end":{"line":32,"column":null}},"type":"default-arg","locations":[{"start":{"line":32,"column":12},"end":{"line":32,"column":null}}],"line":32},"2":{"loc":{"start":{"line":36,"column":15},"end":{"line":36,"column":null}},"type":"cond-expr","locations":[{"start":{"line":36,"column":25},"end":{"line":36,"column":37}},{"start":{"line":36,"column":37},"end":{"line":36,"column":null}}],"line":36}},"s":{"0":2,"1":1,"2":1},"f":{"0":1},"b":{"0":[1],"1":[1],"2":[0,1]},"meta":{"lastBranch":3,"lastFunction":1,"lastStatement":3,"seen":{"s:7:6:27:Infinity":0,"f:29:9:29:15":0,"b:31:12:31:Infinity":0,"b:32:12:32:Infinity":1,"s:36:15:36:Infinity":1,"b:36:25:36:37:36:37:36:Infinity":2,"s:38:2:44:Infinity":2}}}
,"/home/tinman/Desktop/Bachelor/cv-screening-tool/frontend/src/components/ui/button.tsx": {"path":"/home/tinman/Desktop/Bachelor/cv-screening-tool/frontend/src/components/ui/button.tsx","statementMap":{"0":{"start":{"line":7,"column":6},"end":{"line":39,"column":null}},"1":{"start":{"line":51,"column":15},"end":{"line":51,"column":null}},"2":{"start":{"line":53,"column":2},"end":{"line":60,"column":null}}},"fnMap":{"0":{"name":"Button","decl":{"start":{"line":41,"column":9},"end":{"line":41,"column":16}},"loc":{"start":{"line":50,"column":5},"end":{"line":62,"column":null}},"line":50}},"branchMap":{"0":{"loc":{"start":{"line":43,"column":2},"end":{"line":43,"column":null}},"type":"default-arg","locations":[{"start":{"line":43,"column":12},"end":{"line":43,"column":null}}],"line":43},"1":{"loc":{"start":{"line":44,"column":2},"end":{"line":44,"column":null}},"type":"default-arg","locations":[{"start":{"line":44,"column":9},"end":{"line":44,"column":null}}],"line":44},"2":{"loc":{"start":{"line":45,"column":2},"end":{"line":45,"column":null}},"type":"default-arg","locations":[{"start":{"line":45,"column":12},"end":{"line":45,"column":null}}],"line":45},"3":{"loc":{"start":{"line":51,"column":15},"end":{"line":51,"column":null}},"type":"cond-expr","locations":[{"start":{"line":51,"column":25},"end":{"line":51,"column":32}},{"start":{"line":51,"column":32},"end":{"line":51,"column":null}}],"line":51}},"s":{"0":8,"1":38,"2":38},"f":{"0":38},"b":{"0":[38],"1":[38],"2":[38],"3":[8,30]},"meta":{"lastBranch":4,"lastFunction":1,"lastStatement":3,"seen":{"s:7:6:39:Infinity":0,"f:41:9:41:16":0,"b:43:12:43:Infinity":0,"b:44:9:44:Infinity":1,"b:45:12:45:Infinity":2,"s:51:15:51:Infinity":1,"b:51:25:51:32:51:32:51:Infinity":3,"s:53:2:60:Infinity":2}}}
,"/home/tinman/Desktop/Bachelor/cv-screening-tool/frontend/src/components/ui/card.tsx": {"path":"/home/tinman/Desktop/Bachelor/cv-screening-tool/frontend/src/components/ui/card.tsx","statementMap":{"0":{"start":{"line":6,"column":2},"end":{"line":14,"column":null}},"1":{"start":{"line":19,"column":2},"end":{"line":27,"column":null}},"2":{"start":{"line":32,"column":2},"end":{"line":37,"column":null}},"3":{"start":{"line":42,"column":2},"end":{"line":47,"column":null}},"4":{"start":{"line":52,"column":2},"end":{"line":60,"column":null}},"5":{"start":{"line":65,"column":2},"end":{"line":70,"column":null}},"6":{"start":{"line":75,"column":2},"end":{"line":80,"column":null}}},"fnMap":{"0":{"name":"Card","decl":{"start":{"line":5,"column":9},"end":{"line":5,"column":14}},"loc":{"start":{"line":5,"column":68},"end":{"line":16,"column":null}},"line":5},"1":{"name":"CardHeader","decl":{"start":{"line":18,"column":9},"end":{"line":18,"column":20}},"loc":{"start":{"line":18,"column":74},"end":{"line":29,"column":null}},"line":18},"2":{"name":"CardTitle","decl":{"start":{"line":31,"column":9},"end":{"line":31,"column":19}},"loc":{"start":{"line":31,"column":73},"end":{"line":39,"column":null}},"line":31},"3":{"name":"CardDescription","decl":{"start":{"line":41,"column":9},"end":{"line":41,"column":25}},"loc":{"start":{"line":41,"column":79},"end":{"line":49,"column":null}},"line":41},"4":{"name":"CardAction","decl":{"start":{"line":51,"column":9},"end":{"line":51,"column":20}},"loc":{"start":{"line":51,"column":74},"end":{"line":62,"column":null}},"line":51},"5":{"name":"CardContent","decl":{"start":{"line":64,"column":9},"end":{"line":64,"column":21}},"loc":{"start":{"line":64,"column":75},"end":{"line":72,"column":null}},"line":64},"6":{"name":"CardFooter","decl":{"start":{"line":74,"column":9},"end":{"line":74,"column":20}},"loc":{"start":{"line":74,"column":74},"end":{"line":82,"column":null}},"line":74}},"branchMap":{},"s":{"0":10,"1":6,"2":7,"3":6,"4":0,"5":9,"6":0},"f":{"0":10,"1":6,"2":7,"3":6,"4":0,"5":9,"6":0},"b":{},"meta":{"lastBranch":0,"lastFunction":7,"lastStatement":7,"seen":{"f:5:9:5:14":0,"s:6:2:14:Infinity":0,"f:18:9:18:20":1,"s:19:2:27:Infinity":1,"f:31:9:31:19":2,"s:32:2:37:Infinity":2,"f:41:9:41:25":3,"s:42:2:47:Infinity":3,"f:51:9:51:20":4,"s:52:2:60:Infinity":4,"f:64:9:64:21":5,"s:65:2:70:Infinity":5,"f:74:9:74:20":6,"s:75:2:80:Infinity":6}}}
,"/home/tinman/Desktop/Bachelor/cv-screening-tool/frontend/src/components/ui/field.tsx": {"path":"/home/tinman/Desktop/Bachelor/cv-screening-tool/frontend/src/components/ui/field.tsx","statementMap":{"0":{"start":{"line":9,"column":2},"end":{"line":18,"column":null}},"1":{"start":{"line":27,"column":2},"end":{"line":38,"column":null}},"2":{"start":{"line":43,"column":2},"end":{"line":51,"column":null}},"3":{"start":{"line":55,"column":6},"end":{"line":77,"column":null}},"4":{"start":{"line":84,"column":2},"end":{"line":91,"column":null}},"5":{"start":{"line":96,"column":2},"end":{"line":104,"column":null}},"6":{"start":{"line":112,"column":2},"end":{"line":122,"column":null}},"7":{"start":{"line":127,"column":2},"end":{"line":135,"column":null}},"8":{"start":{"line":140,"column":2},"end":{"line":150,"column":null}},"9":{"start":{"line":161,"column":2},"end":{"line":180,"column":null}},"10":{"start":{"line":192,"column":8},"end":{"line":217,"column":null}},"11":{"start":{"line":193,"column":4},"end":{"line":195,"column":null}},"12":{"start":{"line":194,"column":6},"end":{"line":194,"column":null}},"13":{"start":{"line":197,"column":4},"end":{"line":199,"column":null}},"14":{"start":{"line":198,"column":6},"end":{"line":198,"column":null}},"15":{"start":{"line":201,"column":25},"end":{"line":203,"column":null}},"16":{"start":{"line":202,"column":39},"end":{"line":202,"column":62}},"17":{"start":{"line":205,"column":4},"end":{"line":207,"column":null}},"18":{"start":{"line":206,"column":6},"end":{"line":206,"column":null}},"19":{"start":{"line":209,"column":4},"end":{"line":215,"column":null}},"20":{"start":{"line":213,"column":12},"end":{"line":213,"column":null}},"21":{"start":{"line":219,"column":2},"end":{"line":221,"column":null}},"22":{"start":{"line":220,"column":4},"end":{"line":220,"column":null}},"23":{"start":{"line":223,"column":2},"end":{"line":231,"column":null}}},"fnMap":{"0":{"name":"FieldSet","decl":{"start":{"line":8,"column":9},"end":{"line":8,"column":18}},"loc":{"start":{"line":8,"column":77},"end":{"line":20,"column":null}},"line":8},"1":{"name":"FieldLegend","decl":{"start":{"line":22,"column":9},"end":{"line":22,"column":21}},"loc":{"start":{"line":26,"column":70},"end":{"line":40,"column":null}},"line":26},"2":{"name":"FieldGroup","decl":{"start":{"line":42,"column":9},"end":{"line":42,"column":20}},"loc":{"start":{"line":42,"column":74},"end":{"line":53,"column":null}},"line":42},"3":{"name":"Field","decl":{"start":{"line":79,"column":9},"end":{"line":79,"column":15}},"loc":{"start":{"line":83,"column":69},"end":{"line":93,"column":null}},"line":83},"4":{"name":"FieldContent","decl":{"start":{"line":95,"column":9},"end":{"line":95,"column":22}},"loc":{"start":{"line":95,"column":76},"end":{"line":106,"column":null}},"line":95},"5":{"name":"FieldLabel","decl":{"start":{"line":108,"column":9},"end":{"line":108,"column":20}},"loc":{"start":{"line":111,"column":39},"end":{"line":124,"column":null}},"line":111},"6":{"name":"FieldTitle","decl":{"start":{"line":126,"column":9},"end":{"line":126,"column":20}},"loc":{"start":{"line":126,"column":74},"end":{"line":137,"column":null}},"line":126},"7":{"name":"FieldDescription","decl":{"start":{"line":139,"column":9},"end":{"line":139,"column":26}},"loc":{"start":{"line":139,"column":78},"end":{"line":152,"column":null}},"line":139},"8":{"name":"FieldSeparator","decl":{"start":{"line":154,"column":9},"end":{"line":154,"column":24}},"loc":{"start":{"line":160,"column":3},"end":{"line":182,"column":null}},"line":160},"9":{"name":"FieldError","decl":{"start":{"line":184,"column":9},"end":{"line":184,"column":20}},"loc":{"start":{"line":191,"column":3},"end":{"line":233,"column":null}},"line":191},"10":{"name":"(anonymous_10)","decl":{"start":{"line":192,"column":26},"end":{"line":192,"column":32}},"loc":{"start":{"line":192,"column":32},"end":{"line":217,"column":5}},"line":192},"11":{"name":"(anonymous_11)","decl":{"start":{"line":202,"column":28},"end":{"line":202,"column":29}},"loc":{"start":{"line":202,"column":39},"end":{"line":202,"column":62}},"line":202},"12":{"name":"(anonymous_12)","decl":{"start":{"line":212,"column":10},"end":{"line":212,"column":11}},"loc":{"start":{"line":213,"column":12},"end":{"line":213,"column":null}},"line":213}},"branchMap":{"0":{"loc":{"start":{"line":24,"column":2},"end":{"line":24,"column":null}},"type":"default-arg","locations":[{"start":{"line":24,"column":12},"end":{"line":24,"column":null}}],"line":24},"1":{"loc":{"start":{"line":81,"column":2},"end":{"line":81,"column":null}},"type":"default-arg","locations":[{"start":{"line":81,"column":16},"end":{"line":81,"column":null}}],"line":81},"2":{"loc":{"start":{"line":172,"column":7},"end":{"line":178,"column":null}},"type":"binary-expr","locations":[{"start":{"line":172,"column":7},"end":{"line":172,"column":null}},{"start":{"line":173,"column":8},"end":{"line":178,"column":null}}],"line":172},"3":{"loc":{"start":{"line":193,"column":4},"end":{"line":195,"column":null}},"type":"if","locations":[{"start":{"line":193,"column":4},"end":{"line":195,"column":null}},{"start":{},"end":{}}],"line":193},"4":{"loc":{"start":{"line":197,"column":4},"end":{"line":199,"column":null}},"type":"if","locations":[{"start":{"line":197,"column":4},"end":{"line":199,"column":null}},{"start":{},"end":{}}],"line":197},"5":{"loc":{"start":{"line":205,"column":4},"end":{"line":207,"column":null}},"type":"if","locations":[{"start":{"line":205,"column":4},"end":{"line":207,"column":null}},{"start":{},"end":{}}],"line":205},"6":{"loc":{"start":{"line":213,"column":12},"end":{"line":213,"column":null}},"type":"binary-expr","locations":[{"start":{"line":213,"column":12},"end":{"line":213,"column":30}},{"start":{"line":213,"column":30},"end":{"line":213,"column":null}}],"line":213},"7":{"loc":{"start":{"line":219,"column":2},"end":{"line":221,"column":null}},"type":"if","locations":[{"start":{"line":219,"column":2},"end":{"line":221,"column":null}},{"start":{},"end":{}}],"line":219}},"s":{"0":0,"1":0,"2":0,"3":2,"4":6,"5":0,"6":0,"7":0,"8":6,"9":0,"10":4,"11":4,"12":1,"13":3,"14":1,"15":2,"16":4,"17":2,"18":1,"19":1,"20":2,"21":4,"22":1,"23":3},"f":{"0":0,"1":0,"2":0,"3":6,"4":0,"5":0,"6":0,"7":6,"8":0,"9":4,"10":4,"11":4,"12":2},"b":{"0":[0],"1":[6],"2":[0,0],"3":[1,3],"4":[1,2],"5":[1,1],"6":[2,2],"7":[1,3]},"meta":{"lastBranch":8,"lastFunction":13,"lastStatement":24,"seen":{"f:8:9:8:18":0,"s:9:2:18:Infinity":0,"f:22:9:22:21":1,"b:24:12:24:Infinity":0,"s:27:2:38:Infinity":1,"f:42:9:42:20":2,"s:43:2:51:Infinity":2,"s:55:6:77:Infinity":3,"f:79:9:79:15":3,"b:81:16:81:Infinity":1,"s:84:2:91:Infinity":4,"f:95:9:95:22":4,"s:96:2:104:Infinity":5,"f:108:9:108:20":5,"s:112:2:122:Infinity":6,"f:126:9:126:20":6,"s:127:2:135:Infinity":7,"f:139:9:139:26":7,"s:140:2:150:Infinity":8,"f:154:9:154:24":8,"s:161:2:180:Infinity":9,"b:172:7:172:Infinity:173:8:178:Infinity":2,"f:184:9:184:20":9,"s:192:8:217:Infinity":10,"f:192:26:192:32":10,"b:193:4:195:Infinity:undefined:undefined:undefined:undefined":3,"s:193:4:195:Infinity":11,"s:194:6:194:Infinity":12,"b:197:4:199:Infinity:undefined:undefined:undefined:undefined":4,"s:197:4:199:Infinity":13,"s:198:6:198:Infinity":14,"s:201:25:203:Infinity":15,"f:202:28:202:29":11,"s:202:39:202:62":16,"b:205:4:207:Infinity:undefined:undefined:undefined:undefined":5,"s:205:4:207:Infinity":17,"s:206:6:206:Infinity":18,"s:209:4:215:Infinity":19,"f:212:10:212:11":12,"s:213:12:213:Infinity":20,"b:213:12:213:30:213:30:213:Infinity":6,"b:219:2:221:Infinity:undefined:undefined:undefined:undefined":7,"s:219:2:221:Infinity":21,"s:220:4:220:Infinity":22,"s:223:2:231:Infinity":23}}}
,"/home/tinman/Desktop/Bachelor/cv-screening-tool/frontend/src/components/ui/input.tsx": {"path":"/home/tinman/Desktop/Bachelor/cv-screening-tool/frontend/src/components/ui/input.tsx","statementMap":{"0":{"start":{"line":6,"column":2},"end":{"line":17,"column":null}}},"fnMap":{"0":{"name":"Input","decl":{"start":{"line":5,"column":9},"end":{"line":5,"column":15}},"loc":{"start":{"line":5,"column":77},"end":{"line":19,"column":null}},"line":5}},"branchMap":{},"s":{"0":9},"f":{"0":9},"b":{},"meta":{"lastBranch":0,"lastFunction":1,"lastStatement":1,"seen":{"f:5:9:5:15":0,"s:6:2:17:Infinity":0}}}
,"/home/tinman/Desktop/Bachelor/cv-screening-tool/frontend/src/components/ui/label.tsx": {"path":"/home/tinman/Desktop/Bachelor/cv-screening-tool/frontend/src/components/ui/label.tsx","statementMap":{"0":{"start":{"line":10,"column":2},"end":{"line":18,"column":null}}},"fnMap":{"0":{"name":"Label","decl":{"start":{"line":6,"column":9},"end":{"line":6,"column":15}},"loc":{"start":{"line":9,"column":53},"end":{"line":20,"column":null}},"line":9}},"branchMap":{},"s":{"0":6},"f":{"0":6},"b":{},"meta":{"lastBranch":0,"lastFunction":1,"lastStatement":1,"seen":{"f:6:9:6:15":0,"s:10:2:18:Infinity":0}}}
,"/home/tinman/Desktop/Bachelor/cv-screening-tool/frontend/src/components/ui/progress.tsx": {"path":"/home/tinman/Desktop/Bachelor/cv-screening-tool/frontend/src/components/ui/progress.tsx","statementMap":{"0":{"start":{"line":6,"column":2},"end":{"line":6,"column":null}},"1":{"start":{"line":6,"column":19},"end":{"line":6,"column":null}},"2":{"start":{"line":7,"column":2},"end":{"line":7,"column":null}},"3":{"start":{"line":7,"column":19},"end":{"line":7,"column":null}},"4":{"start":{"line":8,"column":2},"end":{"line":8,"column":null}},"5":{"start":{"line":16,"column":2},"end":{"line":18,"column":null}},"6":{"start":{"line":17,"column":4},"end":{"line":17,"column":null}},"7":{"start":{"line":20,"column":21},"end":{"line":20,"column":null}},"8":{"start":{"line":22,"column":2},"end":{"line":39,"column":null}}},"fnMap":{"0":{"name":"getProgressColor","decl":{"start":{"line":5,"column":9},"end":{"line":5,"column":26}},"loc":{"start":{"line":5,"column":41},"end":{"line":9,"column":null}},"line":5},"1":{"name":"Progress","decl":{"start":{"line":11,"column":9},"end":{"line":11,"column":18}},"loc":{"start":{"line":15,"column":56},"end":{"line":41,"column":null}},"line":15}},"branchMap":{"0":{"loc":{"start":{"line":6,"column":2},"end":{"line":6,"column":null}},"type":"if","locations":[{"start":{"line":6,"column":2},"end":{"line":6,"column":null}},{"start":{},"end":{}}],"line":6},"1":{"loc":{"start":{"line":7,"column":2},"end":{"line":7,"column":null}},"type":"if","locations":[{"start":{"line":7,"column":2},"end":{"line":7,"column":null}},{"start":{},"end":{}}],"line":7},"2":{"loc":{"start":{"line":16,"column":2},"end":{"line":18,"column":null}},"type":"if","locations":[{"start":{"line":16,"column":2},"end":{"line":18,"column":null}},{"start":{},"end":{}}],"line":16},"3":{"loc":{"start":{"line":37,"column":50},"end":{"line":37,"column":61}},"type":"binary-expr","locations":[{"start":{"line":37,"column":50},"end":{"line":37,"column":59}},{"start":{"line":37,"column":59},"end":{"line":37,"column":61}}],"line":37}},"s":{"0":6,"1":5,"2":1,"3":1,"4":0,"5":9,"6":3,"7":6,"8":6},"f":{"0":6,"1":9},"b":{"0":[5,1],"1":[1,0],"2":[3,6],"3":[6,0]},"meta":{"lastBranch":4,"lastFunction":2,"lastStatement":9,"seen":{"f:5:9:5:26":0,"b:6:2:6:Infinity:undefined:undefined:undefined:undefined":0,"s:6:2:6:Infinity":0,"s:6:19:6:Infinity":1,"b:7:2:7:Infinity:undefined:undefined:undefined:undefined":1,"s:7:2:7:Infinity":2,"s:7:19:7:Infinity":3,"s:8:2:8:Infinity":4,"f:11:9:11:18":1,"b:16:2:18:Infinity:undefined:undefined:undefined:undefined":2,"s:16:2:18:Infinity":5,"s:17:4:17:Infinity":6,"s:20:21:20:Infinity":7,"s:22:2:39:Infinity":8,"b:37:50:37:59:37:59:37:61":3}}}
,"/home/tinman/Desktop/Bachelor/cv-screening-tool/frontend/src/components/ui/separator.tsx": {"path":"/home/tinman/Desktop/Bachelor/cv-screening-tool/frontend/src/components/ui/separator.tsx","statementMap":{"0":{"start":{"line":12,"column":2},"end":{"line":22,"column":null}}},"fnMap":{"0":{"name":"Separator","decl":{"start":{"line":6,"column":9},"end":{"line":6,"column":19}},"loc":{"start":{"line":11,"column":57},"end":{"line":24,"column":null}},"line":11}},"branchMap":{"0":{"loc":{"start":{"line":8,"column":2},"end":{"line":8,"column":null}},"type":"default-arg","locations":[{"start":{"line":8,"column":16},"end":{"line":8,"column":null}}],"line":8},"1":{"loc":{"start":{"line":9,"column":2},"end":{"line":9,"column":null}},"type":"default-arg","locations":[{"start":{"line":9,"column":15},"end":{"line":9,"column":null}}],"line":9}},"s":{"0":1},"f":{"0":1},"b":{"0":[1],"1":[1]},"meta":{"lastBranch":2,"lastFunction":1,"lastStatement":1,"seen":{"f:6:9:6:19":0,"b:8:16:8:Infinity":0,"b:9:15:9:Infinity":1,"s:12:2:22:Infinity":0}}}
,"/home/tinman/Desktop/Bachelor/cv-screening-tool/frontend/src/components/ui/spinner.tsx": {"path":"/home/tinman/Desktop/Bachelor/cv-screening-tool/frontend/src/components/ui/spinner.tsx","statementMap":{"0":{"start":{"line":6,"column":2},"end":{"line":12,"column":null}}},"fnMap":{"0":{"name":"Spinner","decl":{"start":{"line":5,"column":9},"end":{"line":5,"column":17}},"loc":{"start":{"line":5,"column":71},"end":{"line":14,"column":null}},"line":5}},"branchMap":{},"s":{"0":1},"f":{"0":1},"b":{},"meta":{"lastBranch":0,"lastFunction":1,"lastStatement":1,"seen":{"f:5:9:5:17":0,"s:6:2:12:Infinity":0}}}
,"/home/tinman/Desktop/Bachelor/cv-screening-tool/frontend/src/components/ui/textarea.tsx": {"path":"/home/tinman/Desktop/Bachelor/cv-screening-tool/frontend/src/components/ui/textarea.tsx","statementMap":{"0":{"start":{"line":6,"column":2},"end":{"line":14,"column":null}}},"fnMap":{"0":{"name":"Textarea","decl":{"start":{"line":5,"column":9},"end":{"line":5,"column":18}},"loc":{"start":{"line":5,"column":77},"end":{"line":16,"column":null}},"line":5}},"branchMap":{},"s":{"0":3},"f":{"0":3},"b":{},"meta":{"lastBranch":0,"lastFunction":1,"lastStatement":1,"seen":{"f:5:9:5:18":0,"s:6:2:14:Infinity":0}}}
,"/home/tinman/Desktop/Bachelor/cv-screening-tool/frontend/src/lib/utils.ts": {"path":"/home/tinman/Desktop/Bachelor/cv-screening-tool/frontend/src/lib/utils.ts","statementMap":{"0":{"start":{"line":5,"column":2},"end":{"line":5,"column":null}}},"fnMap":{"0":{"name":"cn","decl":{"start":{"line":4,"column":16},"end":{"line":4,"column":22}},"loc":{"start":{"line":4,"column":44},"end":{"line":6,"column":null}},"line":4}},"branchMap":{},"s":{"0":130},"f":{"0":130},"b":{},"meta":{"lastBranch":0,"lastFunction":1,"lastStatement":1,"seen":{"f:4:16:4:22":0,"s:5:2:5:Infinity":0}}}
,"/home/tinman/Desktop/Bachelor/cv-screening-tool/frontend/src/pages/LoginPage.tsx": {"path":"/home/tinman/Desktop/Bachelor/cv-screening-tool/frontend/src/pages/LoginPage.tsx","statementMap":{"0":{"start":{"line":5,"column":24},"end":{"line":5,"column":null}},"1":{"start":{"line":8,"column":8},"end":{"line":8,"column":null}},"2":{"start":{"line":11,"column":4},"end":{"line":11,"column":null}},"3":{"start":{"line":12,"column":4},"end":{"line":12,"column":null}},"4":{"start":{"line":13,"column":4},"end":{"line":13,"column":null}},"5":{"start":{"line":16,"column":2},"end":{"line":44,"column":null}}},"fnMap":{"0":{"name":"LoginPage","decl":{"start":{"line":7,"column":24},"end":{"line":7,"column":36}},"loc":{"start":{"line":7,"column":36},"end":{"line":46,"column":null}},"line":7},"1":{"name":"handleLogin","decl":{"start":{"line":10,"column":11},"end":{"line":10,"column":23}},"loc":{"start":{"line":10,"column":43},"end":{"line":14,"column":null}},"line":10}},"branchMap":{},"s":{"0":2,"1":2,"2":1,"3":1,"4":1,"5":2},"f":{"0":2,"1":1},"b":{},"meta":{"lastBranch":0,"lastFunction":2,"lastStatement":6,"seen":{"s:5:24:5:Infinity":0,"f:7:24:7:36":0,"s:8:8:8:Infinity":1,"f:10:11:10:23":1,"s:11:4:11:Infinity":2,"s:12:4:12:Infinity":3,"s:13:4:13:Infinity":4,"s:16:2:44:Infinity":5}}}
,"/home/tinman/Desktop/Bachelor/cv-screening-tool/frontend/src/utils/newScreeningUtils.ts": {"path":"/home/tinman/Desktop/Bachelor/cv-screening-tool/frontend/src/utils/newScreeningUtils.ts","statementMap":{"0":{"start":{"line":2,"column":2},"end":{"line":2,"column":null}},"1":{"start":{"line":2,"column":26},"end":{"line":2,"column":null}},"2":{"start":{"line":4,"column":16},"end":{"line":4,"column":null}},"3":{"start":{"line":5,"column":13},"end":{"line":5,"column":null}},"4":{"start":{"line":6,"column":18},"end":{"line":6,"column":null}},"5":{"start":{"line":8,"column":2},"end":{"line":11,"column":null}},"6":{"start":{"line":9,"column":4},"end":{"line":9,"column":null}},"7":{"start":{"line":10,"column":4},"end":{"line":10,"column":null}},"8":{"start":{"line":13,"column":2},"end":{"line":13,"column":null}},"9":{"start":{"line":17,"column":2},"end":{"line":23,"column":null}}},"fnMap":{"0":{"name":"formatBytes","decl":{"start":{"line":1,"column":16},"end":{"line":1,"column":28}},"loc":{"start":{"line":1,"column":57},"end":{"line":14,"column":null}},"line":1},"1":{"name":"formatAnalyzedDate","decl":{"start":{"line":16,"column":16},"end":{"line":16,"column":35}},"loc":{"start":{"line":16,"column":54},"end":{"line":24,"column":null}},"line":16}},"branchMap":{"0":{"loc":{"start":{"line":2,"column":2},"end":{"line":2,"column":null}},"type":"if","locations":[{"start":{"line":2,"column":2},"end":{"line":2,"column":null}},{"start":{},"end":{}}],"line":2},"1":{"loc":{"start":{"line":8,"column":9},"end":{"line":8,"column":55}},"type":"binary-expr","locations":[{"start":{"line":8,"column":9},"end":{"line":8,"column":25}},{"start":{"line":8,"column":25},"end":{"line":8,"column":55}}],"line":8}},"s":{"0":3,"1":1,"2":2,"3":2,"4":2,"5":2,"6":1,"7":1,"8":2,"9":1},"f":{"0":3,"1":1},"b":{"0":[1,2],"1":[2,1]},"meta":{"lastBranch":2,"lastFunction":2,"lastStatement":10,"seen":{"f:1:16:1:28":0,"b:2:2:2:Infinity:undefined:undefined:undefined:undefined":0,"s:2:2:2:Infinity":0,"s:2:26:2:Infinity":1,"s:4:16:4:Infinity":2,"s:5:13:5:Infinity":3,"s:6:18:6:Infinity":4,"s:8:2:11:Infinity":5,"b:8:9:8:25:8:25:8:55":1,"s:9:4:9:Infinity":6,"s:10:4:10:Infinity":7,"s:13:2:13:Infinity":8,"f:16:16:16:35":1,"s:17:2:23:Infinity":9}}}
,"/home/tinman/Desktop/Bachelor/cv-screening-tool/frontend/src/validations/AddNewCvSchema.ts": {"path":"/home/tinman/Desktop/Bachelor/cv-screening-tool/frontend/src/validations/AddNewCvSchema.ts","statementMap":{"0":{"start":{"line":3,"column":22},"end":{"line":3,"column":null}},"1":{"start":{"line":4,"column":27},"end":{"line":4,"column":null}},"2":{"start":{"line":7,"column":2},"end":{"line":9,"column":null}},"3":{"start":{"line":13,"column":23},"end":{"line":46,"column":null}},"4":{"start":{"line":23,"column":22},"end":{"line":23,"column":53}},"5":{"start":{"line":26,"column":22},"end":{"line":26,"column":48}},"6":{"start":{"line":29,"column":22},"end":{"line":29,"column":59}}},"fnMap":{"0":{"name":"isPdfFile","decl":{"start":{"line":6,"column":9},"end":{"line":6,"column":19}},"loc":{"start":{"line":6,"column":31},"end":{"line":11,"column":null}},"line":6},"1":{"name":"(anonymous_1)","decl":{"start":{"line":23,"column":12},"end":{"line":23,"column":13}},"loc":{"start":{"line":23,"column":22},"end":{"line":23,"column":53}},"line":23},"2":{"name":"(anonymous_2)","decl":{"start":{"line":26,"column":12},"end":{"line":26,"column":13}},"loc":{"start":{"line":26,"column":22},"end":{"line":26,"column":48}},"line":26},"3":{"name":"(anonymous_3)","decl":{"start":{"line":29,"column":12},"end":{"line":29,"column":13}},"loc":{"start":{"line":29,"column":22},"end":{"line":29,"column":59}},"line":29}},"branchMap":{"0":{"loc":{"start":{"line":8,"column":4},"end":{"line":9,"column":null}},"type":"binary-expr","locations":[{"start":{"line":8,"column":4},"end":{"line":8,"column":null}},{"start":{"line":9,"column":4},"end":{"line":9,"column":null}}],"line":8},"1":{"loc":{"start":{"line":23,"column":22},"end":{"line":23,"column":53}},"type":"binary-expr","locations":[{"start":{"line":23,"column":22},"end":{"line":23,"column":31}},{"start":{"line":23,"column":31},"end":{"line":23,"column":53}}],"line":23},"2":{"loc":{"start":{"line":26,"column":22},"end":{"line":26,"column":48}},"type":"binary-expr","locations":[{"start":{"line":26,"column":22},"end":{"line":26,"column":31}},{"start":{"line":26,"column":31},"end":{"line":26,"column":48}}],"line":26},"3":{"loc":{"start":{"line":29,"column":22},"end":{"line":29,"column":59}},"type":"binary-expr","locations":[{"start":{"line":29,"column":22},"end":{"line":29,"column":31}},{"start":{"line":29,"column":31},"end":{"line":29,"column":59}}],"line":29}},"s":{"0":1,"1":1,"2":5,"3":1,"4":3,"5":3,"6":3},"f":{"0":5,"1":3,"2":3,"3":3},"b":{"0":[5,2],"1":[3,2],"2":[3,2],"3":[3,2]},"meta":{"lastBranch":4,"lastFunction":4,"lastStatement":7,"seen":{"s:3:22:3:Infinity":0,"s:4:27:4:Infinity":1,"f:6:9:6:19":0,"s:7:2:9:Infinity":2,"b:8:4:8:Infinity:9:4:9:Infinity":0,"s:13:23:46:Infinity":3,"f:23:12:23:13":1,"s:23:22:23:53":4,"b:23:22:23:31:23:31:23:53":1,"f:26:12:26:13":2,"s:26:22:26:48":5,"b:26:22:26:31:26:31:26:48":2,"f:29:12:29:13":3,"s:29:22:29:59":6,"b:29:22:29:31:29:31:29:59":3}}}
,"/home/tinman/Desktop/Bachelor/cv-screening-tool/frontend/src/validations/UploadJobDescriptionSchema.ts": {"path":"/home/tinman/Desktop/Bachelor/cv-screening-tool/frontend/src/validations/UploadJobDescriptionSchema.ts","statementMap":{"0":{"start":{"line":3,"column":38},"end":{"line":3,"column":null}},"1":{"start":{"line":4,"column":40},"end":{"line":4,"column":null}},"2":{"start":{"line":5,"column":40},"end":{"line":5,"column":null}},"3":{"start":{"line":11,"column":35},"end":{"line":77,"column":null}},"4":{"start":{"line":15,"column":42},"end":{"line":15,"column":86}},"5":{"start":{"line":22,"column":4},"end":{"line":49,"column":null}},"6":{"start":{"line":23,"column":6},"end":{"line":30,"column":null}},"7":{"start":{"line":24,"column":8},"end":{"line":28,"column":null}},"8":{"start":{"line":29,"column":8},"end":{"line":29,"column":null}},"9":{"start":{"line":32,"column":6},"end":{"line":38,"column":null}},"10":{"start":{"line":33,"column":8},"end":{"line":37,"column":null}},"11":{"start":{"line":40,"column":6},"end":{"line":46,"column":null}},"12":{"start":{"line":41,"column":8},"end":{"line":45,"column":null}},"13":{"start":{"line":48,"column":6},"end":{"line":48,"column":null}},"14":{"start":{"line":51,"column":24},"end":{"line":51,"column":null}},"15":{"start":{"line":53,"column":4},"end":{"line":60,"column":null}},"16":{"start":{"line":54,"column":6},"end":{"line":58,"column":null}},"17":{"start":{"line":59,"column":6},"end":{"line":59,"column":null}},"18":{"start":{"line":62,"column":4},"end":{"line":68,"column":null}},"19":{"start":{"line":63,"column":6},"end":{"line":67,"column":null}},"20":{"start":{"line":70,"column":4},"end":{"line":76,"column":null}},"21":{"start":{"line":71,"column":6},"end":{"line":75,"column":null}},"22":{"start":{"line":82,"column":2},"end":{"line":87,"column":null}},"23":{"start":{"line":83,"column":4},"end":{"line":86,"column":null}},"24":{"start":{"line":89,"column":2},"end":{"line":92,"column":null}}},"fnMap":{"0":{"name":"(anonymous_0)","decl":{"start":{"line":15,"column":32},"end":{"line":15,"column":33}},"loc":{"start":{"line":15,"column":42},"end":{"line":15,"column":86}},"line":15},"1":{"name":"(anonymous_1)","decl":{"start":{"line":21,"column":15},"end":{"line":21,"column":16}},"loc":{"start":{"line":21,"column":32},"end":{"line":77,"column":3}},"line":21},"2":{"name":"toJobDescriptionInput","decl":{"start":{"line":81,"column":9},"end":{"line":81,"column":31}},"loc":{"start":{"line":81,"column":88},"end":{"line":93,"column":null}},"line":81}},"branchMap":{"0":{"loc":{"start":{"line":15,"column":42},"end":{"line":15,"column":86}},"type":"binary-expr","locations":[{"start":{"line":15,"column":42},"end":{"line":15,"column":64}},{"start":{"line":15,"column":64},"end":{"line":15,"column":86}}],"line":15},"1":{"loc":{"start":{"line":22,"column":4},"end":{"line":49,"column":null}},"type":"if","locations":[{"start":{"line":22,"column":4},"end":{"line":49,"column":null}},{"start":{},"end":{}}],"line":22},"2":{"loc":{"start":{"line":23,"column":6},"end":{"line":30,"column":null}},"type":"if","locations":[{"start":{"line":23,"column":6},"end":{"line":30,"column":null}},{"start":{},"end":{}}],"line":23},"3":{"loc":{"start":{"line":32,"column":6},"end":{"line":38,"column":null}},"type":"if","locations":[{"start":{"line":32,"column":6},"end":{"line":38,"column":null}},{"start":{},"end":{}}],"line":32},"4":{"loc":{"start":{"line":40,"column":6},"end":{"line":46,"column":null}},"type":"if","locations":[{"start":{"line":40,"column":6},"end":{"line":46,"column":null}},{"start":{},"end":{}}],"line":40},"5":{"loc":{"start":{"line":51,"column":24},"end":{"line":51,"column":null}},"type":"binary-expr","locations":[{"start":{"line":51,"column":24},"end":{"line":51,"column":61}},{"start":{"line":51,"column":61},"end":{"line":51,"column":null}}],"line":51},"6":{"loc":{"start":{"line":53,"column":4},"end":{"line":60,"column":null}},"type":"if","locations":[{"start":{"line":53,"column":4},"end":{"line":60,"column":null}},{"start":{},"end":{}}],"line":53},"7":{"loc":{"start":{"line":62,"column":4},"end":{"line":68,"column":null}},"type":"if","locations":[{"start":{"line":62,"column":4},"end":{"line":68,"column":null}},{"start":{},"end":{}}],"line":62},"8":{"loc":{"start":{"line":70,"column":4},"end":{"line":76,"column":null}},"type":"if","locations":[{"start":{"line":70,"column":4},"end":{"line":76,"column":null}},{"start":{},"end":{}}],"line":70},"9":{"loc":{"start":{"line":82,"column":2},"end":{"line":87,"column":null}},"type":"if","locations":[{"start":{"line":82,"column":2},"end":{"line":87,"column":null}},{"start":{},"end":{}}],"line":82},"10":{"loc":{"start":{"line":91,"column":11},"end":{"line":91,"column":44}},"type":"binary-expr","locations":[{"start":{"line":91,"column":11},"end":{"line":91,"column":40}},{"start":{"line":91,"column":40},"end":{"line":91,"column":44}}],"line":91}},"s":{"0":2,"1":2,"2":2,"3":2,"4":3,"5":6,"6":4,"7":1,"8":1,"9":3,"10":1,"11":3,"12":1,"13":3,"14":2,"15":6,"16":1,"17":1,"18":1,"19":1,"20":1,"21":0,"22":2,"23":1,"24":1},"f":{"0":3,"1":6,"2":2},"b":{"0":[3,3],"1":[4,2],"2":[1,3],"3":[1,2],"4":[1,2],"5":[2,0],"6":[1,5],"7":[1,0],"8":[0,1],"9":[1,1],"10":[1,0]},"meta":{"lastBranch":11,"lastFunction":3,"lastStatement":25,"seen":{"s:3:38:3:Infinity":0,"s:4:40:4:Infinity":1,"s:5:40:5:Infinity":2,"s:11:35:77:Infinity":3,"f:15:32:15:33":0,"s:15:42:15:86":4,"b:15:42:15:64:15:64:15:86":0,"f:21:15:21:16":1,"b:22:4:49:Infinity:undefined:undefined:undefined:undefined":1,"s:22:4:49:Infinity":5,"b:23:6:30:Infinity:undefined:undefined:undefined:undefined":2,"s:23:6:30:Infinity":6,"s:24:8:28:Infinity":7,"s:29:8:29:Infinity":8,"b:32:6:38:Infinity:undefined:undefined:undefined:undefined":3,"s:32:6:38:Infinity":9,"s:33:8:37:Infinity":10,"b:40:6:46:Infinity:undefined:undefined:undefined:undefined":4,"s:40:6:46:Infinity":11,"s:41:8:45:Infinity":12,"s:48:6:48:Infinity":13,"s:51:24:51:Infinity":14,"b:51:24:51:61:51:61:51:Infinity":5,"b:53:4:60:Infinity:undefined:undefined:undefined:undefined":6,"s:53:4:60:Infinity":15,"s:54:6:58:Infinity":16,"s:59:6:59:Infinity":17,"b:62:4:68:Infinity:undefined:undefined:undefined:undefined":7,"s:62:4:68:Infinity":18,"s:63:6:67:Infinity":19,"b:70:4:76:Infinity:undefined:undefined:undefined:undefined":8,"s:70:4:76:Infinity":20,"s:71:6:75:Infinity":21,"f:81:9:81:31":2,"b:82:2:87:Infinity:undefined:undefined:undefined:undefined":9,"s:82:2:87:Infinity":22,"s:83:4:86:Infinity":23,"s:89:2:92:Infinity":24,"b:91:11:91:40:91:40:91:44":10}}}
}
